#
# There is insufficient memory for the Java Runtime Environment to continue.
# Native memory allocation (malloc) failed to allocate 836976 bytes for Chunk::new
# Possible reasons:
#   The system is out of physical RAM or swap space
#   The process is running with CompressedOops enabled, and the Java Heap may be blocking the growth of the native heap
# Possible solutions:
#   Reduce memory load on the system
#   Increase physical memory or swap space
#   Check if swap backing store is full
#   Decrease Java heap size (-Xmx/-Xms)
#   Decrease number of Java threads
#   Decrease Java thread stack sizes (-Xss)
#   Set larger code cache with -XX:ReservedCodeCacheSize=
#   JVM is running with Unscaled Compressed Oops mode in which the Java heap is
#     placed in the first 4GB address space. The Java Heap base address is the
#     maximum limit for the native heap growth. Please use -XX:HeapBaseMinAddress
#     to set the Java Heap base and to place the Java Heap above 4GB virtual address.
# This output file may be truncated or incomplete.
#
#  Out of Memory Error (allocation.cpp:389), pid=14208, tid=0x00000000000021f8
#
# JRE version: OpenJDK Runtime Environment (8.0_242-b01) (build 1.8.0_242-release-1644-b01)
# Java VM: OpenJDK 64-Bit Server VM (25.242-b01 mixed mode windows-amd64 compressed oops)
# Failed to write core dump. Minidumps are not enabled by default on client versions of Windows
#

---------------  T H R E A D  ---------------

Current thread (0x0000000016f1a000):  JavaThread "C2 CompilerThread1" daemon [_thread_in_native, id=8696, stack(0x0000000018660000,0x0000000018760000)]

Stack: [0x0000000018660000,0x0000000018760000]
[error occurred during error reporting (printing stack bounds), id 0xc0000005]

Native frames: (J=compiled Java code, j=interpreted, Vv=VM code, C=native code)


Current CompileTask:
C2:   9272 2761 %     4       com.sun.tools.javac.file.ZipFileIndex$ZipDirectory::readEntry @ 102 (587 bytes)


---------------  P R O C E S S  ---------------

Java Threads: ( => current thread )
  0x000000001889b800 JavaThread "Service Thread" daemon [_thread_blocked, id=12600, stack(0x0000000018c60000,0x0000000018d60000)]
  0x0000000016f52000 JavaThread "C1 CompilerThread2" daemon [_thread_blocked, id=8100, stack(0x0000000018760000,0x0000000018860000)]
=>0x0000000016f1a000 JavaThread "C2 CompilerThread1" daemon [_thread_in_native, id=8696, stack(0x0000000018660000,0x0000000018760000)]
  0x0000000016f12800 JavaThread "C2 CompilerThread0" daemon [_thread_blocked, id=13708, stack(0x0000000018560000,0x0000000018660000)]
  0x0000000016f11000 JavaThread "Attach Listener" daemon [_thread_blocked, id=6004, stack(0x0000000018460000,0x0000000018560000)]
  0x0000000016f0d800 JavaThread "Signal Dispatcher" daemon [_thread_blocked, id=3876, stack(0x0000000018360000,0x0000000018460000)]
  0x000000000230d800 JavaThread "Finalizer" daemon [_thread_blocked, id=7136, stack(0x0000000018160000,0x0000000018260000)]
  0x000000000230c800 JavaThread "Reference Handler" daemon [_thread_blocked, id=8532, stack(0x0000000018060000,0x0000000018160000)]
  0x000000000221f000 JavaThread "main" [_thread_in_native, id=6540, stack(0x0000000002110000,0x0000000002210000)]

Other Threads:
  0x0000000016ec7800 VMThread [stack: 0x0000000017f60000,0x0000000018060000] [id=13108]
  0x00000000188a4800 WatcherThread [stack: 0x0000000018d60000,0x0000000018e60000] [id=13544]

VM state:not at safepoint (normal execution)

VM Mutex/Monitor currently owned by a thread: None

heap address: 0x0000000080400000, size: 2044 MB, Compressed Oops mode: 32-bit
Narrow klass base: 0x0000000000000000, Narrow klass shift: 3
Compressed class space size: 1073741824 Address: 0x0000000100000000

Heap:
 PSYoungGen      total 78336K, used 12355K [0x00000000d5700000, 0x00000000dc580000, 0x0000000100000000)
  eden space 61952K, 19% used [0x00000000d5700000,0x00000000d6310ed8,0x00000000d9380000)
  from space 16384K, 0% used [0x00000000da300000,0x00000000da300000,0x00000000db300000)
  to   space 15872K, 0% used [0x00000000d9380000,0x00000000d9380000,0x00000000da300000)
 ParOldGen       total 126976K, used 25618K [0x0000000080400000, 0x0000000088000000, 0x00000000d5700000)
  object space 126976K, 20% used [0x0000000080400000,0x0000000081d048b8,0x0000000088000000)
 Metaspace       used 36770K, capacity 37335K, committed 37680K, reserved 1081344K
  class space    used 4643K, capacity 4805K, committed 4912K, reserved 1048576K

Card table byte_map: [0x00000000116d0000,0x0000000011ad0000] byte_map_base: 0x00000000112ce000

Marking Bits: (ParMarkBitMap*) 0x000000006f5df030
 Begin Bits: [0x0000000012180000, 0x0000000014170000)
 End Bits:   [0x0000000014170000, 0x0000000016160000)

Polling page: 0x00000000001f0000

CodeCache: size=245760Kb used=9017Kb max_used=9017Kb free=236742Kb
 bounds [0x0000000002310000, 0x0000000002bf0000, 0x0000000011310000]
 total_blobs=3233 nmethods=2779 adapters=367
 compilation: enabled

Compilation events (10 events):
Event: 9.084 Thread 0x0000000016f12800 2773       4       java.lang.String::checkBounds (46 bytes)
Event: 9.085 Thread 0x0000000016f12800 nmethod 2773 0x0000000002bdf7d0 code [0x0000000002bdf900, 0x0000000002bdf9b8]
Event: 9.091 Thread 0x0000000016f12800 2774       4       java.lang.String::<init> (38 bytes)
Event: 9.114 Thread 0x0000000016f12800 nmethod 2774 0x0000000002be5890 code [0x0000000002be5a40, 0x0000000002be64b8]
Event: 9.114 Thread 0x0000000016f12800 2775       4       com.sun.tools.javac.file.ZipFileIndex$Entry::compareTo (9 bytes)
Event: 9.117 Thread 0x0000000016f12800 nmethod 2775 0x0000000002bded90 code [0x0000000002bdeee0, 0x0000000002bdf198]
Event: 9.173 Thread 0x0000000016f12800 2777       4       com.sun.tools.javac.file.RelativePath::hashCode (8 bytes)
Event: 9.178 Thread 0x0000000016f12800 nmethod 2777 0x0000000002be3c50 code [0x0000000002be3d80, 0x0000000002be3ef8]
Event: 9.185 Thread 0x0000000016f52000 2778       3       java.util.ComparableTimSort::countRunAndMakeAscending (123 bytes)
Event: 9.186 Thread 0x0000000016f52000 nmethod 2778 0x0000000002bdfa90 code [0x0000000002bdfca0, 0x0000000002be0a48]

GC Heap History (10 events):
Event: 2.238 GC heap before
{Heap before GC invocations=4 (full 1):
 PSYoungGen      total 38400K, used 5114K [0x00000000d5700000, 0x00000000da200000, 0x0000000100000000)
  eden space 33280K, 0% used [0x00000000d5700000,0x00000000d5700000,0x00000000d7780000)
  from space 5120K, 99% used [0x00000000d7780000,0x00000000d7c7ea00,0x00000000d7c80000)
  to   space 5120K, 0% used [0x00000000d9d00000,0x00000000d9d00000,0x00000000da200000)
 ParOldGen       total 87552K, used 11955K [0x0000000080400000, 0x0000000085980000, 0x00000000d5700000)
  object space 87552K, 13% used [0x0000000080400000,0x0000000080face58,0x0000000085980000)
 Metaspace       used 20777K, capacity 21168K, committed 21296K, reserved 1069056K
  class space    used 2468K, capacity 2590K, committed 2608K, reserved 1048576K
Event: 2.288 GC heap after
Heap after GC invocations=4 (full 1):
 PSYoungGen      total 38400K, used 0K [0x00000000d5700000, 0x00000000da200000, 0x0000000100000000)
  eden space 33280K, 0% used [0x00000000d5700000,0x00000000d5700000,0x00000000d7780000)
  from space 5120K, 0% used [0x00000000d7780000,0x00000000d7780000,0x00000000d7c80000)
  to   space 5120K, 0% used [0x00000000d9d00000,0x00000000d9d00000,0x00000000da200000)
 ParOldGen       total 68096K, used 9019K [0x0000000080400000, 0x0000000084680000, 0x00000000d5700000)
  object space 68096K, 13% used [0x0000000080400000,0x0000000080cceea0,0x0000000084680000)
 Metaspace       used 20777K, capacity 21168K, committed 21296K, reserved 1069056K
  class space    used 2468K, capacity 2590K, committed 2608K, reserved 1048576K
}
Event: 4.434 GC heap before
{Heap before GC invocations=5 (full 1):
 PSYoungGen      total 38400K, used 33280K [0x00000000d5700000, 0x00000000da200000, 0x0000000100000000)
  eden space 33280K, 100% used [0x00000000d5700000,0x00000000d7780000,0x00000000d7780000)
  from space 5120K, 0% used [0x00000000d7780000,0x00000000d7780000,0x00000000d7c80000)
  to   space 5120K, 0% used [0x00000000d9d00000,0x00000000d9d00000,0x00000000da200000)
 ParOldGen       total 68096K, used 9019K [0x0000000080400000, 0x0000000084680000, 0x00000000d5700000)
  object space 68096K, 13% used [0x0000000080400000,0x0000000080cceea0,0x0000000084680000)
 Metaspace       used 23180K, capacity 23586K, committed 23984K, reserved 1071104K
  class space    used 2770K, capacity 2881K, committed 2992K, reserved 1048576K
Event: 4.442 GC heap after
Heap after GC invocations=5 (full 1):
 PSYoungGen      total 50176K, used 5118K [0x00000000d5700000, 0x00000000da200000, 0x0000000100000000)
  eden space 45056K, 0% used [0x00000000d5700000,0x00000000d5700000,0x00000000d8300000)
  from space 5120K, 99% used [0x00000000d9d00000,0x00000000da1ffbe8,0x00000000da200000)
  to   space 5120K, 0% used [0x00000000d9800000,0x00000000d9800000,0x00000000d9d00000)
 ParOldGen       total 68096K, used 11007K [0x0000000080400000, 0x0000000084680000, 0x00000000d5700000)
  object space 68096K, 16% used [0x0000000080400000,0x0000000080ebfdc0,0x0000000084680000)
 Metaspace       used 23180K, capacity 23586K, committed 23984K, reserved 1071104K
  class space    used 2770K, capacity 2881K, committed 2992K, reserved 1048576K
}
Event: 5.427 GC heap before
{Heap before GC invocations=6 (full 1):
 PSYoungGen      total 50176K, used 50174K [0x00000000d5700000, 0x00000000da200000, 0x0000000100000000)
  eden space 45056K, 100% used [0x00000000d5700000,0x00000000d8300000,0x00000000d8300000)
  from space 5120K, 99% used [0x00000000d9d00000,0x00000000da1ffbe8,0x00000000da200000)
  to   space 5120K, 0% used [0x00000000d9800000,0x00000000d9800000,0x00000000d9d00000)
 ParOldGen       total 68096K, used 11007K [0x0000000080400000, 0x0000000084680000, 0x00000000d5700000)
  object space 68096K, 16% used [0x0000000080400000,0x0000000080ebfdc0,0x0000000084680000)
 Metaspace       used 30991K, capacity 31465K, committed 31792K, reserved 1077248K
  class space    used 3934K, capacity 4105K, committed 4144K, reserved 1048576K
Event: 5.440 GC heap after
Heap after GC invocations=6 (full 1):
 PSYoungGen      total 66560K, used 5090K [0x00000000d5700000, 0x00000000db300000, 0x0000000100000000)
  eden space 61440K, 0% used [0x00000000d5700000,0x00000000d5700000,0x00000000d9300000)
  from space 5120K, 99% used [0x00000000d9800000,0x00000000d9cf8918,0x00000000d9d00000)
  to   space 16384K, 0% used [0x00000000da300000,0x00000000da300000,0x00000000db300000)
 ParOldGen       total 68096K, used 23418K [0x0000000080400000, 0x0000000084680000, 0x00000000d5700000)
  object space 68096K, 34% used [0x0000000080400000,0x0000000081adeb48,0x0000000084680000)
 Metaspace       used 30991K, capacity 31465K, committed 31792K, reserved 1077248K
  class space    used 3934K, capacity 4105K, committed 4144K, reserved 1048576K
}
Event: 7.423 GC heap before
{Heap before GC invocations=7 (full 1):
 PSYoungGen      total 66560K, used 22084K [0x00000000d5700000, 0x00000000db300000, 0x0000000100000000)
  eden space 61440K, 27% used [0x00000000d5700000,0x00000000d6798710,0x00000000d9300000)
  from space 5120K, 99% used [0x00000000d9800000,0x00000000d9cf8918,0x00000000d9d00000)
  to   space 16384K, 0% used [0x00000000da300000,0x00000000da300000,0x00000000db300000)
 ParOldGen       total 68096K, used 23418K [0x0000000080400000, 0x0000000084680000, 0x00000000d5700000)
  object space 68096K, 34% used [0x0000000080400000,0x0000000081adeb48,0x0000000084680000)
 Metaspace       used 34652K, capacity 35191K, committed 35496K, reserved 1081344K
  class space    used 4402K, capacity 4581K, committed 4656K, reserved 1048576K
Event: 7.434 GC heap after
Heap after GC invocations=7 (full 1):
 PSYoungGen      total 78336K, used 9010K [0x00000000d5700000, 0x00000000dc580000, 0x0000000100000000)
  eden space 61952K, 0% used [0x00000000d5700000,0x00000000d5700000,0x00000000d9380000)
  from space 16384K, 54% used [0x00000000da300000,0x00000000dabccbd0,0x00000000db300000)
  to   space 15872K, 0% used [0x00000000d9380000,0x00000000d9380000,0x00000000da300000)
 ParOldGen       total 68096K, used 23426K [0x0000000080400000, 0x0000000084680000, 0x00000000d5700000)
  object space 68096K, 34% used [0x0000000080400000,0x0000000081ae0b48,0x0000000084680000)
 Metaspace       used 34652K, capacity 35191K, committed 35496K, reserved 1081344K
  class space    used 4402K, capacity 4581K, committed 4656K, reserved 1048576K
}
Event: 7.434 GC heap before
{Heap before GC invocations=8 (full 2):
 PSYoungGen      total 78336K, used 9010K [0x00000000d5700000, 0x00000000dc580000, 0x0000000100000000)
  eden space 61952K, 0% used [0x00000000d5700000,0x00000000d5700000,0x00000000d9380000)
  from space 16384K, 54% used [0x00000000da300000,0x00000000dabccbd0,0x00000000db300000)
  to   space 15872K, 0% used [0x00000000d9380000,0x00000000d9380000,0x00000000da300000)
 ParOldGen       total 68096K, used 23426K [0x0000000080400000, 0x0000000084680000, 0x00000000d5700000)
  object space 68096K, 34% used [0x0000000080400000,0x0000000081ae0b48,0x0000000084680000)
 Metaspace       used 34652K, capacity 35191K, committed 35496K, reserved 1081344K
  class space    used 4402K, capacity 4581K, committed 4656K, reserved 1048576K
Event: 7.533 GC heap after
Heap after GC invocations=8 (full 2):
 PSYoungGen      total 78336K, used 0K [0x00000000d5700000, 0x00000000dc580000, 0x0000000100000000)
  eden space 61952K, 0% used [0x00000000d5700000,0x00000000d5700000,0x00000000d9380000)
  from space 16384K, 0% used [0x00000000da300000,0x00000000da300000,0x00000000db300000)
  to   space 15872K, 0% used [0x00000000d9380000,0x00000000d9380000,0x00000000da300000)
 ParOldGen       total 126976K, used 25618K [0x0000000080400000, 0x0000000088000000, 0x00000000d5700000)
  object space 126976K, 20% used [0x0000000080400000,0x0000000081d048b8,0x0000000088000000)
 Metaspace       used 34652K, capacity 35191K, committed 35496K, reserved 1081344K
  class space    used 4402K, capacity 4581K, committed 4656K, reserved 1048576K
}

Deoptimization events (10 events):
Event: 5.009 Thread 0x000000000221f000 Uncommon trap: reason=unstable_if action=reinterpret pc=0x00000000029973b8 method=java.lang.reflect.Method.equals(Ljava/lang/Object;)Z @ 49
Event: 5.598 Thread 0x000000000221f000 Uncommon trap: reason=unstable_if action=reinterpret pc=0x00000000029364e4 method=java.lang.ThreadLocal$ThreadLocalMap.getEntryAfterMiss(Ljava/lang/ThreadLocal;ILjava/lang/ThreadLocal$ThreadLocalMap$Entry;)Ljava/lang/ThreadLocal$ThreadLocalMap$Entry; @ 12
Event: 5.617 Thread 0x000000000221f000 Uncommon trap: reason=class_check action=maybe_recompile pc=0x0000000002842794 method=gnu.trove.TObjectHash.equals(Ljava/lang/Object;Ljava/lang/Object;)Z @ 6
Event: 6.250 Thread 0x000000000221f000 Uncommon trap: reason=unstable_if action=reinterpret pc=0x0000000002570aec method=java.lang.String.indexOf([CII[CIII)I @ 3
Event: 8.696 Thread 0x000000000221f000 Uncommon trap: reason=class_check action=maybe_recompile pc=0x0000000002b146e0 method=java.util.regex.Matcher.match(II)Z @ 86
Event: 8.696 Thread 0x000000000221f000 Uncommon trap: reason=class_check action=maybe_recompile pc=0x000000000274f644 method=java.util.regex.Pattern$CharProperty.match(Ljava/util/regex/Matcher;ILjava/lang/CharSequence;)Z @ 18
Event: 8.696 Thread 0x000000000221f000 Uncommon trap: reason=unstable_if action=reinterpret pc=0x000000000274f6c0 method=java.util.regex.Pattern$CharProperty.match(Ljava/util/regex/Matcher;ILjava/lang/CharSequence;)Z @ 5
Event: 8.820 Thread 0x000000000221f000 Uncommon trap: reason=class_check action=maybe_recompile pc=0x0000000002b146e0 method=java.util.regex.Matcher.match(II)Z @ 86
Event: 8.822 Thread 0x000000000221f000 Uncommon trap: reason=class_check action=maybe_recompile pc=0x0000000002b146e0 method=java.util.regex.Matcher.match(II)Z @ 86
Event: 8.824 Thread 0x000000000221f000 Uncommon trap: reason=class_check action=maybe_recompile pc=0x0000000002b146e0 method=java.util.regex.Matcher.match(II)Z @ 86

Classes redefined (0 events):
No events

Internal exceptions (10 events):
Event: 2.063 Thread 0x000000000221f000 Exception <a 'java/lang/NoSuchMethodError': java.lang.Object.lambda$static$0(I)[Lorg/jetbrains/kotlin/com/intellij/openapi/editor/event/DocumentListener;> (0x00000000d5f73bd0) thrown at [C:\src\AOSP-openjdk-git\hotspot\src\share\vm\interpreter\linkResolve
Event: 2.107 Thread 0x000000000221f000 Exception <a 'java/lang/NoSuchMethodError': java.lang.Object.lambda$static$0(I)[Lorg/jetbrains/kotlin/com/intellij/psi/PsiAnnotation;> (0x00000000d6177430) thrown at [C:\src\AOSP-openjdk-git\hotspot\src\share\vm\interpreter\linkResolver.cpp, line 620]
Event: 2.217 Thread 0x000000000221f000 Exception <a 'java/lang/NoSuchMethodError': java.lang.Object.lambda$static$0(I)[Lorg/jetbrains/kotlin/com/intellij/psi/PsiElement;> (0x00000000d674a0c0) thrown at [C:\src\AOSP-openjdk-git\hotspot\src\share\vm\interpreter\linkResolver.cpp, line 620]
Event: 4.939 Thread 0x000000000221f000 Implicit null exception at 0x0000000002932af8 to 0x0000000002932d05
Event: 4.965 Thread 0x000000000221f000 Exception <a 'java/lang/ArrayIndexOutOfBoundsException': 126> (0x00000000d68556a8) thrown at [C:\src\AOSP-openjdk-git\hotspot\src\share\vm\interpreter\interpreterRuntime.cpp, line 368]
Event: 4.966 Thread 0x000000000221f000 Exception <a 'java/lang/ArrayIndexOutOfBoundsException': 86> (0x00000000d6856b30) thrown at [C:\src\AOSP-openjdk-git\hotspot\src\share\vm\interpreter\interpreterRuntime.cpp, line 368]
Event: 5.598 Thread 0x000000000221f000 Implicit null exception at 0x0000000002936325 to 0x00000000029364c0
Event: 6.244 Thread 0x000000000221f000 Exception <a 'java/lang/NoSuchMethodError': <clinit>> (0x00000000d60388a0) thrown at [C:\src\AOSP-openjdk-git\hotspot\src\share\vm\prims\jni.cpp, line 1615]
Event: 6.264 Thread 0x000000000221f000 Exception <a 'java/lang/NoSuchMethodError': <clinit>> (0x00000000d6093520) thrown at [C:\src\AOSP-openjdk-git\hotspot\src\share\vm\prims\jni.cpp, line 1615]
Event: 6.309 Thread 0x000000000221f000 Exception <a 'java/lang/NoSuchMethodError': <clinit>> (0x00000000d616d028) thrown at [C:\src\AOSP-openjdk-git\hotspot\src\share\vm\prims\jni.cpp, line 1615]

Events (10 events):
Event: 9.046 loading class com/sun/tools/javac/file/ZipFileIndex$ZipDirectory
Event: 9.046 loading class com/sun/tools/javac/file/ZipFileIndex$ZipDirectory done
Event: 9.047 loading class com/sun/tools/javac/file/ZipFileIndex$DirectoryEntry
Event: 9.047 loading class com/sun/tools/javac/file/ZipFileIndex$DirectoryEntry done
Event: 9.048 loading class com/sun/tools/javac/file/ZipFileIndex$Entry
Event: 9.048 loading class com/sun/tools/javac/file/ZipFileIndex$Entry done
Event: 9.051 loading class java/io/RandomAccessFile$1
Event: 9.051 loading class java/io/RandomAccessFile$1 done
Event: 9.091 Thread 0x000000000221f000 DEOPT PACKING pc=0x0000000002ac0e36 sp=0x000000000220d7b0
Event: 9.091 Thread 0x000000000221f000 DEOPT UNPACKING pc=0x00000000023575d0 sp=0x000000000220d488 mode 0


Dynamic libraries:
0x00007ff7a4750000 - 0x00007ff7a4781000 	C:\Program Files\Android\Android Studio\jre\jre\bin\java.exe
0x00007ffd7f380000 - 0x00007ffd7f570000 	C:\WINDOWS\SYSTEM32\ntdll.dll
0x00007ffd5bd20000 - 0x00007ffd5bd33000 	C:\Program Files (x86)\AVG\Antivirus\aswhook.dll
0x00007ffd7dd20000 - 0x00007ffd7ddd2000 	C:\WINDOWS\System32\KERNEL32.DLL
0x00007ffd7c510000 - 0x00007ffd7c7b4000 	C:\WINDOWS\System32\KERNELBASE.dll
0x00007ffd7e610000 - 0x00007ffd7e6b3000 	C:\WINDOWS\System32\ADVAPI32.dll
0x00007ffd7e760000 - 0x00007ffd7e7fe000 	C:\WINDOWS\System32\msvcrt.dll
0x00007ffd7e6c0000 - 0x00007ffd7e757000 	C:\WINDOWS\System32\sechost.dll
0x00007ffd7e210000 - 0x00007ffd7e330000 	C:\WINDOWS\System32\RPCRT4.dll
0x00007ffd7db20000 - 0x00007ffd7dcb4000 	C:\WINDOWS\System32\USER32.dll
0x00007ffd7cc30000 - 0x00007ffd7cc51000 	C:\WINDOWS\System32\win32u.dll
0x00007ffd7f2a0000 - 0x00007ffd7f2c6000 	C:\WINDOWS\System32\GDI32.dll
0x00007ffd7ca90000 - 0x00007ffd7cc25000 	C:\WINDOWS\System32\gdi32full.dll
0x00007ffd7c470000 - 0x00007ffd7c50e000 	C:\WINDOWS\System32\msvcp_win.dll
0x00007ffd7c7c0000 - 0x00007ffd7c8ba000 	C:\WINDOWS\System32\ucrtbase.dll
0x00007ffd74e00000 - 0x00007ffd75084000 	C:\WINDOWS\WinSxS\amd64_microsoft.windows.common-controls_6595b64144ccf1df_6.0.18362.900_none_e6beb9d913147d17\COMCTL32.dll
0x00007ffd7ee80000 - 0x00007ffd7f1b5000 	C:\WINDOWS\System32\combase.dll
0x00007ffd7c310000 - 0x00007ffd7c390000 	C:\WINDOWS\System32\bcryptPrimitives.dll
0x00007ffd7ee30000 - 0x00007ffd7ee5e000 	C:\WINDOWS\System32\IMM32.DLL
0x000000006e3a0000 - 0x000000006e472000 	C:\Program Files\Android\Android Studio\jre\jre\bin\msvcr100.dll
0x000000006ee10000 - 0x000000006f65b000 	C:\Program Files\Android\Android Studio\jre\jre\bin\server\jvm.dll
0x00007ffd7e1a0000 - 0x00007ffd7e1a8000 	C:\WINDOWS\System32\PSAPI.DLL
0x00007ffd6c2d0000 - 0x00007ffd6c2d9000 	C:\WINDOWS\SYSTEM32\WSOCK32.dll
0x00007ffd7f2d0000 - 0x00007ffd7f33f000 	C:\WINDOWS\System32\WS2_32.dll
0x00007ffd7a0d0000 - 0x00007ffd7a0f4000 	C:\WINDOWS\SYSTEM32\WINMM.dll
0x00007ffd740c0000 - 0x00007ffd740ca000 	C:\WINDOWS\SYSTEM32\VERSION.dll
0x00007ffd79d00000 - 0x00007ffd79d2d000 	C:\WINDOWS\SYSTEM32\WINMMBASE.dll
0x00007ffd7d3e0000 - 0x00007ffd7d42a000 	C:\WINDOWS\System32\cfgmgr32.dll
0x00007ffd7a160000 - 0x00007ffd7a16f000 	C:\Program Files\Android\Android Studio\jre\jre\bin\verify.dll
0x00007ffd731e0000 - 0x00007ffd73209000 	C:\Program Files\Android\Android Studio\jre\jre\bin\java.dll
0x00007ffd7a100000 - 0x00007ffd7a116000 	C:\Program Files\Android\Android Studio\jre\jre\bin\zip.dll
0x00007ffd7d430000 - 0x00007ffd7db16000 	C:\WINDOWS\System32\SHELL32.dll
0x00007ffd7e330000 - 0x00007ffd7e3d9000 	C:\WINDOWS\System32\shcore.dll
0x00007ffd7cc60000 - 0x00007ffd7d3e0000 	C:\WINDOWS\System32\windows.storage.dll
0x00007ffd7c290000 - 0x00007ffd7c2b3000 	C:\WINDOWS\System32\profapi.dll
0x00007ffd7c2c0000 - 0x00007ffd7c30a000 	C:\WINDOWS\System32\powrprof.dll
0x00007ffd7c240000 - 0x00007ffd7c250000 	C:\WINDOWS\System32\UMPDC.dll
0x00007ffd7e1b0000 - 0x00007ffd7e202000 	C:\WINDOWS\System32\shlwapi.dll
0x00007ffd7c250000 - 0x00007ffd7c261000 	C:\WINDOWS\System32\kernel.appcore.dll
0x00007ffd7ca70000 - 0x00007ffd7ca87000 	C:\WINDOWS\System32\cryptsp.dll
0x00007ffd73320000 - 0x00007ffd7333a000 	C:\Program Files\Android\Android Studio\jre\jre\bin\net.dll
0x00007ffd7bab0000 - 0x00007ffd7bb17000 	C:\WINDOWS\system32\mswsock.dll
0x00007ffd731c0000 - 0x00007ffd731d3000 	C:\Program Files\Android\Android Studio\jre\jre\bin\nio.dll

VM Arguments:
java_command: org.jetbrains.kotlin.cli.jvm.K2JVMCompiler -Xallow-no-source-files -classpath C:\Users\Alex\AndroidStudioProjects\FlowerShop\app\build\intermediates\compile_and_runtime_not_namespaced_r_class_jar\debug\R.jar;C:\Users\Alex\.gradle\caches\transforms-2\files-2.1\7eaecc3adb216eec3a7260eaf7ab8952\databinding-adapters-3.6.3-api.jar;C:\Users\Alex\.gradle\caches\transforms-2\files-2.1\37ba74ac4830b1f2a4d23420b5e79b0c\databinding-runtime-3.6.3-api.jar;C:\Users\Alex\.gradle\caches\modules-2\files-2.1\androidx.databinding\databinding-common\3.6.3\555fa9bb14c6214e7ebbce7a0a2016d3c9a365f1\databinding-common-3.6.3.jar;C:\Users\Alex\.gradle\caches\transforms-2\files-2.1\b2113768381247187d4e8c36b0a77179\multidex-2.0.0-api.jar;C:\Users\Alex\.gradle\caches\transforms-2\files-2.1\b6e5b96f9f810ce3aa12587447b6e403\jetified-viewbinding-3.6.3-api.jar;C:\Users\Alex\.gradle\caches\transforms-2\files-2.1\bdfcded3cb02b7e7f6aaee5547c31788\navigation-ui-ktx-2.3.0-beta01-api.jar;C:\Users\Alex\.gradle\caches\transforms-2\files-2.1\ecb6644219c99be4083ee6246544f2c1\navigation-ui-2.3.0-beta01-api.jar;C:\Users\Alex\.gradle\caches\transforms-2\files-2.1\74f7ecd3f8ed9591bdfff4fce74c1f01\material-1.0.0-api.jar;C:\Users\Alex\.gradle\caches\transforms-2\files-2.1\692b8ad8845bbbe4850b004178981fd1\appcompat-1.1.0-api.jar;C:\Users\Alex\.gradle\caches\transforms-2\files-2.1\3373f3adb637089503410b7a01721ff0\navigation-fragment-ktx-2.3.0-beta01-api.jar;C:\Users\Alex\.gradle\caches\transforms-2\files-2.1\f6f5dd11b326b9cdee5fc3a9d64ce82e\jetified-fragment-ktx-1.2.4-api.jar;C:\Users\Alex\.gradle\caches\transforms-2\files-2.1\f339342b6ad1aa4158200b284b950ceb\navigation-runtime-ktx-2.3.0-beta01-api.jar;C:\Users\Alex\.gradle\caches\transforms-2\files-2.1\d8e7b1694b690260b13352679abef925\jetified-activity-ktx-1.1.0-api.jar;C:\Users\Alex\.gradle\caches\transforms-2\files-2.1\0092b0897fc3dd3f7d1ce74df554dae8\jetified-core-ktx-1.3.0-api.jar;C:\Users\Alex\.gradle\caches\transforms-2\files-2.1\efef7bc4eb8b1
java_class_path (initial): C:\Users\Alex\.gradle\caches\modules-2\files-2.1\org.jetbrains.kotlin\kotlin-compiler-embeddable\1.3.61\c35c0833d5a1e3d229359758482c480306724618\kotlin-compiler-embeddable-1.3.61.jar;C:\Users\Alex\.gradle\caches\modules-2\files-2.1\org.jetbrains.kotlin\kotlin-reflect\1.3.61\2e07c9a84c9e118efb70eede7e579fd663932122\kotlin-reflect-1.3.61.jar;C:\Users\Alex\.gradle\caches\modules-2\files-2.1\org.jetbrains.kotlin\kotlin-stdlib\1.3.61\4702105e97f7396ae41b113fdbdc180ec1eb1e36\kotlin-stdlib-1.3.61.jar;C:\Users\Alex\.gradle\caches\modules-2\files-2.1\org.jetbrains.kotlin\kotlin-script-runtime\1.3.61\e5feb39c8de63dcbdc1154b34ca4413874231605\kotlin-script-runtime-1.3.61.jar;C:\Users\Alex\.gradle\caches\modules-2\files-2.1\org.jetbrains.kotlin\kotlin-daemon-embeddable\1.3.61\4de83e41a92c8395d89ab2e81d26b788ba163824\kotlin-daemon-embeddable-1.3.61.jar;C:\Users\Alex\.gradle\caches\modules-2\files-2.1\org.jetbrains.intellij.deps\trove4j\1.0.20181211\216c2e14b070f334479d800987affe4054cd563f\trove4j-1.0.20181211.jar;C:\Users\Alex\.gradle\caches\modules-2\files-2.1\org.jetbrains.kotlin\kotlin-stdlib-common\1.3.61\65abb71d5afb850b68be03987b08e2c864ca3110\kotlin-stdlib-common-1.3.61.jar;C:\Users\Alex\.gradle\caches\modules-2\files-2.1\org.jetbrains\annotations\13.0\919f0dfe192fb4e063e7dacadee7f8bb9a2672a9\annotations-13.0.jar;C:\Program Files\Android\Android Studio\jre\lib\tools.jar
Launcher Type: SUN_STANDARD

Environment Variables:
JAVA_HOME=C:\Program Files\Java\jdk1.8.0_51\
CLASSPATH=.;C:\Program Files (x86)\Java\jre6\lib\ext\QTJava.zip
PATH=C:\ProgramData\Oracle\Java\javapath;C:\oraclexe\app\oracle\product\11.2.0\server\bin;C:\Program Files\Common Files\Microsoft Shared\Windows Live;C:\Program Files (x86)\Common Files\Microsoft Shared\Windows Live;C:\Program Files (x86)\NVIDIA Corporation\PhysX\Common;C:\WINDOWS\system32;C:\WINDOWS;C:\WINDOWS\System32\Wbem;C:\WINDOWS\System32\WindowsPowerShell\v1.0\;C:\Program Files (x86)\Sony\VAIO Startup Setting Tool;C:\Program Files (x86)\Windows Live\Shared;C:\Program Files (x86)\QuickTime\QTSystem\;C:\Program Files (x86)\Android\android-sdk\tools;C:\Program Files (x86)\Calibre2\;C:\Program Files\Microsoft\Web Platform Installer\;C:\Users\Alex\.dnx\bin;C:\Program Files\Microsoft DNX\Dnvm\;C:\Program Files (x86)\GtkSharp\2.12\bin;C:\Program Files (x86)\Skype\Phone\;C:\WINDOWS\System32\OpenSSH\;C:\WINDOWS\system32;C:\WINDOWS;C:\WINDOWS\System32\Wbem;C:\WINDOWS\System32\WindowsPowerShell\v1.0\;C:\WINDOWS\System32\OpenSSH\;C:\Program Files\Git\cmd;C:\Program Files\Java\jdk1.8.0_51\\bin;C:\Users\Alex\AppData\Local\Microsoft\WindowsApps;
USERNAME=Alex
OS=Windows_NT
PROCESSOR_IDENTIFIER=Intel64 Family 6 Model 42 Stepping 7, GenuineIntel



---------------  S Y S T E M  ---------------

OS: Windows 10.0 , 64 bit Build 18362 (10.0.18362.900)

CPU:total 4 (initial active 4) (2 cores per cpu, 2 threads per core) family 6 model 42 stepping 7, cmov, cx8, fxsr, mmx, sse, sse2, sse3, ssse3, sse4.1, sse4.2, popcnt, avx, aes, clmul, ht, tsc, tscinvbit

Memory: 4k page, physical 8370028k(604588k free), swap 9906028k(5360k free)

vm_info: OpenJDK 64-Bit Server VM (25.242-b01) for windows-amd64 JRE (1.8.0_242-release-1644-b01), built by "builder" with MS VC++ 10.0 (VS2010)

time: Mon Jun 15 13:51:21 2020
timezone: GMT Daylight Time
elapsed time: 9 seconds (0d 0h 0m 9s)

