#
# There is insufficient memory for the Java Runtime Environment to continue.
# Native memory allocation (malloc) failed to allocate 948336 bytes for Chunk::new
# Possible reasons:
#   The system is out of physical RAM or swap space
#   The process is running with CompressedOops enabled, and the Java Heap may be blocking the growth of the native heap
# Possible solutions:
#   Reduce memory load on the system
#   Increase physical memory or swap space
#   Check if swap backing store is full
#   Decrease Java heap size (-Xmx/-Xms)
#   Decrease number of Java threads
#   Decrease Java thread stack sizes (-Xss)
#   Set larger code cache with -XX:ReservedCodeCacheSize=
#   JVM is running with Unscaled Compressed Oops mode in which the Java heap is
#     placed in the first 4GB address space. The Java Heap base address is the
#     maximum limit for the native heap growth. Please use -XX:HeapBaseMinAddress
#     to set the Java Heap base and to place the Java Heap above 4GB virtual address.
# This output file may be truncated or incomplete.
#
#  Out of Memory Error (allocation.cpp:389), pid=7940, tid=0x00000000000031c8
#
# JRE version: OpenJDK Runtime Environment (8.0_242-b01) (build 1.8.0_242-release-1644-b01)
# Java VM: OpenJDK 64-Bit Server VM (25.242-b01 mixed mode windows-amd64 compressed oops)
# Failed to write core dump. Minidumps are not enabled by default on client versions of Windows
#

---------------  T H R E A D  ---------------

Current thread (0x00000000170a2800):  JavaThread "C2 CompilerThread0" daemon [_thread_in_native, id=12744, stack(0x0000000018700000,0x0000000018800000)]

Stack: [0x0000000018700000,0x0000000018800000]
[error occurred during error reporting (printing stack bounds), id 0xc0000005]

Native frames: (J=compiled Java code, j=interpreted, Vv=VM code, C=native code)


Current CompileTask:
C2:  19283 4927       4       com.sun.tools.javac.jvm.ClassReader::enterPackage (78 bytes)


---------------  P R O C E S S  ---------------

Java Threads: ( => current thread )
  0x0000000018a1a800 JavaThread "Service Thread" daemon [_thread_blocked, id=9076, stack(0x0000000018e00000,0x0000000018f00000)]
  0x00000000170e2000 JavaThread "C1 CompilerThread2" daemon [_thread_blocked, id=9728, stack(0x0000000018900000,0x0000000018a00000)]
  0x00000000170aa000 JavaThread "C2 CompilerThread1" daemon [_thread_in_native, id=10324, stack(0x0000000018800000,0x0000000018900000)]
=>0x00000000170a2800 JavaThread "C2 CompilerThread0" daemon [_thread_in_native, id=12744, stack(0x0000000018700000,0x0000000018800000)]
  0x00000000170a1000 JavaThread "Attach Listener" daemon [_thread_blocked, id=3856, stack(0x0000000018600000,0x0000000018700000)]
  0x000000001709d800 JavaThread "Signal Dispatcher" daemon [_thread_blocked, id=236, stack(0x0000000018500000,0x0000000018600000)]
  0x000000000249d800 JavaThread "Finalizer" daemon [_thread_blocked, id=9732, stack(0x0000000018300000,0x0000000018400000)]
  0x000000000249c800 JavaThread "Reference Handler" daemon [_thread_blocked, id=2864, stack(0x0000000018200000,0x0000000018300000)]
  0x00000000023af000 JavaThread "main" [_thread_in_native, id=8276, stack(0x0000000002280000,0x0000000002380000)]

Other Threads:
  0x0000000017057800 VMThread [stack: 0x0000000018100000,0x0000000018200000] [id=4440]
  0x0000000018a1b000 WatcherThread [stack: 0x0000000018f00000,0x0000000019000000] [id=2872]

VM state:not at safepoint (normal execution)

VM Mutex/Monitor currently owned by a thread: None

heap address: 0x0000000080400000, size: 2044 MB, Compressed Oops mode: 32-bit
Narrow klass base: 0x0000000000000000, Narrow klass shift: 3
Compressed class space size: 1073741824 Address: 0x0000000100000000

Heap:
 PSYoungGen      total 81920K, used 55832K [0x00000000d5700000, 0x00000000dcb80000, 0x0000000100000000)
  eden space 66560K, 83% used [0x00000000d5700000,0x00000000d8d86268,0x00000000d9800000)
  from space 15360K, 0% used [0x00000000dbc80000,0x00000000dbc80000,0x00000000dcb80000)
  to   space 15872K, 0% used [0x00000000d9800000,0x00000000d9800000,0x00000000da780000)
 ParOldGen       total 121856K, used 100213K [0x0000000080400000, 0x0000000087b00000, 0x00000000d5700000)
  object space 121856K, 82% used [0x0000000080400000,0x00000000865dd408,0x0000000087b00000)
 Metaspace       used 45857K, capacity 46567K, committed 46896K, reserved 1089536K
  class space    used 5652K, capacity 5855K, committed 5936K, reserved 1048576K

Card table byte_map: [0x0000000011860000,0x0000000011c60000] byte_map_base: 0x000000001145e000

Marking Bits: (ParMarkBitMap*) 0x000000006f5df030
 Begin Bits: [0x0000000012310000, 0x0000000014300000)
 End Bits:   [0x0000000014300000, 0x00000000162f0000)

Polling page: 0x00000000003b0000

CodeCache: size=245760Kb used=15679Kb max_used=15736Kb free=230080Kb
 bounds [0x00000000024a0000, 0x0000000003420000, 0x00000000114a0000]
 total_blobs=4953 nmethods=4474 adapters=392
 compilation: enabled

Compilation events (10 events):
Event: 19.255 Thread 0x00000000170e2000 nmethod 4981 0x0000000002d0e190 code [0x0000000002d0e2e0, 0x0000000002d0e3f0]
Event: 19.265 Thread 0x00000000170aa000 nmethod 4946 0x0000000003414810 code [0x0000000003414b60, 0x0000000003416208]
Event: 19.266 Thread 0x00000000170aa000 4966       4       com.sun.tools.javac.code.TypeAnnotations$TypeAnnotationPositions::scan (16 bytes)
Event: 19.271 Thread 0x00000000170aa000 nmethod 4966 0x0000000002d9e950 code [0x0000000002d9eac0, 0x0000000002d9edb8]
Event: 19.271 Thread 0x00000000170aa000 4975       4       java.lang.AbstractStringBuilder::<init> (12 bytes)
Event: 19.273 Thread 0x00000000170e2000 4989   !   3       com.sun.tools.javac.comp.MemberEnter$6::run (70 bytes)
Event: 19.273 Thread 0x00000000170aa000 nmethod 4975 0x00000000025b5590 code [0x00000000025b56e0, 0x00000000025b5818]
Event: 19.273 Thread 0x00000000170aa000 4976       4       java.lang.AbstractStringBuilder::append (29 bytes)
Event: 19.274 Thread 0x00000000170e2000 nmethod 4989 0x0000000002d74550 code [0x0000000002d74740, 0x0000000002d751f8]
Event: 19.274 Thread 0x00000000170e2000 4990       3       com.sun.tools.javac.comp.Check::validateAnnotations (36 bytes)

GC Heap History (10 events):
Event: 10.327 GC heap before
{Heap before GC invocations=9 (full 2):
 PSYoungGen      total 82944K, used 66560K [0x00000000d5700000, 0x00000000dcf00000, 0x0000000100000000)
  eden space 66560K, 100% used [0x00000000d5700000,0x00000000d9800000,0x00000000d9800000)
  from space 16384K, 0% used [0x00000000da780000,0x00000000da780000,0x00000000db780000)
  to   space 15872K, 0% used [0x00000000d9800000,0x00000000d9800000,0x00000000da780000)
 ParOldGen       total 121856K, used 25617K [0x0000000080400000, 0x0000000087b00000, 0x00000000d5700000)
  object space 121856K, 21% used [0x0000000080400000,0x0000000081d04408,0x0000000087b00000)
 Metaspace       used 37284K, capacity 37815K, committed 38192K, reserved 1083392K
  class space    used 4672K, capacity 4837K, committed 4912K, reserved 1048576K
Event: 10.335 GC heap after
Heap after GC invocations=9 (full 2):
 PSYoungGen      total 82432K, used 8608K [0x00000000d5700000, 0x00000000dcb80000, 0x0000000100000000)
  eden space 66560K, 0% used [0x00000000d5700000,0x00000000d5700000,0x00000000d9800000)
  from space 15872K, 54% used [0x00000000d9800000,0x00000000da0680d0,0x00000000da780000)
  to   space 15360K, 0% used [0x00000000dbc80000,0x00000000dbc80000,0x00000000dcb80000)
 ParOldGen       total 121856K, used 25625K [0x0000000080400000, 0x0000000087b00000, 0x00000000d5700000)
  object space 121856K, 21% used [0x0000000080400000,0x0000000081d06408,0x0000000087b00000)
 Metaspace       used 37284K, capacity 37815K, committed 38192K, reserved 1083392K
  class space    used 4672K, capacity 4837K, committed 4912K, reserved 1048576K
}
Event: 11.844 GC heap before
{Heap before GC invocations=10 (full 2):
 PSYoungGen      total 82432K, used 75168K [0x00000000d5700000, 0x00000000dcb80000, 0x0000000100000000)
  eden space 66560K, 100% used [0x00000000d5700000,0x00000000d9800000,0x00000000d9800000)
  from space 15872K, 54% used [0x00000000d9800000,0x00000000da0680d0,0x00000000da780000)
  to   space 15360K, 0% used [0x00000000dbc80000,0x00000000dbc80000,0x00000000dcb80000)
 ParOldGen       total 121856K, used 25625K [0x0000000080400000, 0x0000000087b00000, 0x00000000d5700000)
  object space 121856K, 21% used [0x0000000080400000,0x0000000081d06408,0x0000000087b00000)
 Metaspace       used 39912K, capacity 40461K, committed 40752K, reserved 1085440K
  class space    used 4928K, capacity 5102K, committed 5168K, reserved 1048576K
Event: 11.912 GC heap after
Heap after GC invocations=10 (full 2):
 PSYoungGen      total 81920K, used 15348K [0x00000000d5700000, 0x00000000dcb80000, 0x0000000100000000)
  eden space 66560K, 0% used [0x00000000d5700000,0x00000000d5700000,0x00000000d9800000)
  from space 15360K, 99% used [0x00000000dbc80000,0x00000000dcb7d200,0x00000000dcb80000)
  to   space 15872K, 0% used [0x00000000d9800000,0x00000000d9800000,0x00000000da780000)
 ParOldGen       total 121856K, used 61821K [0x0000000080400000, 0x0000000087b00000, 0x00000000d5700000)
  object space 121856K, 50% used [0x0000000080400000,0x000000008405f608,0x0000000087b00000)
 Metaspace       used 39912K, capacity 40461K, committed 40752K, reserved 1085440K
  class space    used 4928K, capacity 5102K, committed 5168K, reserved 1048576K
}
Event: 15.773 GC heap before
{Heap before GC invocations=11 (full 2):
 PSYoungGen      total 81920K, used 81908K [0x00000000d5700000, 0x00000000dcb80000, 0x0000000100000000)
  eden space 66560K, 100% used [0x00000000d5700000,0x00000000d9800000,0x00000000d9800000)
  from space 15360K, 99% used [0x00000000dbc80000,0x00000000dcb7d200,0x00000000dcb80000)
  to   space 15872K, 0% used [0x00000000d9800000,0x00000000d9800000,0x00000000da780000)
 ParOldGen       total 121856K, used 61821K [0x0000000080400000, 0x0000000087b00000, 0x00000000d5700000)
  object space 121856K, 50% used [0x0000000080400000,0x000000008405f608,0x0000000087b00000)
 Metaspace       used 45631K, capacity 46311K, committed 46640K, reserved 1089536K
  class space    used 5647K, capacity 5855K, committed 5936K, reserved 1048576K
Event: 15.815 GC heap after
Heap after GC invocations=11 (full 2):
 PSYoungGen      total 82432K, used 15854K [0x00000000d5700000, 0x00000000dcb80000, 0x0000000100000000)
  eden space 66560K, 0% used [0x00000000d5700000,0x00000000d5700000,0x00000000d9800000)
  from space 15872K, 99% used [0x00000000d9800000,0x00000000da77bba0,0x00000000da780000)
  to   space 15360K, 0% used [0x00000000dbc80000,0x00000000dbc80000,0x00000000dcb80000)
 ParOldGen       total 121856K, used 76185K [0x0000000080400000, 0x0000000087b00000, 0x00000000d5700000)
  object space 121856K, 62% used [0x0000000080400000,0x0000000084e66570,0x0000000087b00000)
 Metaspace       used 45631K, capacity 46311K, committed 46640K, reserved 1089536K
  class space    used 5647K, capacity 5855K, committed 5936K, reserved 1048576K
}
Event: 17.384 GC heap before
{Heap before GC invocations=12 (full 2):
 PSYoungGen      total 82432K, used 82414K [0x00000000d5700000, 0x00000000dcb80000, 0x0000000100000000)
  eden space 66560K, 100% used [0x00000000d5700000,0x00000000d9800000,0x00000000d9800000)
  from space 15872K, 99% used [0x00000000d9800000,0x00000000da77bba0,0x00000000da780000)
  to   space 15360K, 0% used [0x00000000dbc80000,0x00000000dbc80000,0x00000000dcb80000)
 ParOldGen       total 121856K, used 76185K [0x0000000080400000, 0x0000000087b00000, 0x00000000d5700000)
  object space 121856K, 62% used [0x0000000080400000,0x0000000084e66570,0x0000000087b00000)
 Metaspace       used 45801K, capacity 46567K, committed 46896K, reserved 1089536K
  class space    used 5652K, capacity 5855K, committed 5936K, reserved 1048576K
Event: 17.469 GC heap after
Heap after GC invocations=12 (full 2):
 PSYoungGen      total 81920K, used 15329K [0x00000000d5700000, 0x00000000dcb80000, 0x0000000100000000)
  eden space 66560K, 0% used [0x00000000d5700000,0x00000000d5700000,0x00000000d9800000)
  from space 15360K, 99% used [0x00000000dbc80000,0x00000000dcb785d0,0x00000000dcb80000)
  to   space 15872K, 0% used [0x00000000d9800000,0x00000000d9800000,0x00000000da780000)
 ParOldGen       total 121856K, used 98027K [0x0000000080400000, 0x0000000087b00000, 0x00000000d5700000)
  object space 121856K, 80% used [0x0000000080400000,0x00000000863badf0,0x0000000087b00000)
 Metaspace       used 45801K, capacity 46567K, committed 46896K, reserved 1089536K
  class space    used 5652K, capacity 5855K, committed 5936K, reserved 1048576K
}
Event: 17.469 GC heap before
{Heap before GC invocations=13 (full 3):
 PSYoungGen      total 81920K, used 15329K [0x00000000d5700000, 0x00000000dcb80000, 0x0000000100000000)
  eden space 66560K, 0% used [0x00000000d5700000,0x00000000d5700000,0x00000000d9800000)
  from space 15360K, 99% used [0x00000000dbc80000,0x00000000dcb785d0,0x00000000dcb80000)
  to   space 15872K, 0% used [0x00000000d9800000,0x00000000d9800000,0x00000000da780000)
 ParOldGen       total 121856K, used 98027K [0x0000000080400000, 0x0000000087b00000, 0x00000000d5700000)
  object space 121856K, 80% used [0x0000000080400000,0x00000000863badf0,0x0000000087b00000)
 Metaspace       used 45801K, capacity 46567K, committed 46896K, reserved 1089536K
  class space    used 5652K, capacity 5855K, committed 5936K, reserved 1048576K
Event: 17.895 GC heap after
Heap after GC invocations=13 (full 3):
 PSYoungGen      total 81920K, used 0K [0x00000000d5700000, 0x00000000dcb80000, 0x0000000100000000)
  eden space 66560K, 0% used [0x00000000d5700000,0x00000000d5700000,0x00000000d9800000)
  from space 15360K, 0% used [0x00000000dbc80000,0x00000000dbc80000,0x00000000dcb80000)
  to   space 15872K, 0% used [0x00000000d9800000,0x00000000d9800000,0x00000000da780000)
 ParOldGen       total 121856K, used 100213K [0x0000000080400000, 0x0000000087b00000, 0x00000000d5700000)
  object space 121856K, 82% used [0x0000000080400000,0x00000000865dd408,0x0000000087b00000)
 Metaspace       used 45801K, capacity 46567K, committed 46896K, reserved 1089536K
  class space    used 5652K, capacity 5855K, committed 5936K, reserved 1048576K
}

Deoptimization events (10 events):
Event: 15.530 Thread 0x00000000023af000 Uncommon trap: reason=unstable_if action=reinterpret pc=0x00000000031fac60 method=java.util.TreeMap.rotateLeft(Ljava/util/TreeMap$Entry;)V @ 63
Event: 15.531 Thread 0x00000000023af000 Uncommon trap: reason=unstable_if action=reinterpret pc=0x0000000002bc254c method=java.lang.AbstractStringBuilder.append(Ljava/lang/CharSequence;)Ljava/lang/AbstractStringBuilder; @ 29
Event: 15.537 Thread 0x00000000023af000 Uncommon trap: reason=unstable_if action=reinterpret pc=0x0000000002993278 method=java.lang.String$CaseInsensitiveComparator.compare(Ljava/lang/String;Ljava/lang/String;)I @ 70
Event: 15.537 Thread 0x00000000023af000 Uncommon trap: reason=unstable_if action=reinterpret pc=0x0000000002d90434 method=java.lang.String$CaseInsensitiveComparator.compare(Ljava/lang/String;Ljava/lang/String;)I @ 49
Event: 15.585 Thread 0x00000000023af000 Uncommon trap: reason=unstable_if action=reinterpret pc=0x0000000003069aa0 method=java.lang.CharacterDataLatin1.digit(II)I @ 82
Event: 17.257 Thread 0x00000000023af000 Uncommon trap: reason=class_check action=maybe_recompile pc=0x000000000287fc9c method=java.util.concurrent.ConcurrentHashMap.putVal(Ljava/lang/Object;Ljava/lang/Object;Z)Ljava/lang/Object; @ 192
Event: 17.272 Thread 0x00000000023af000 Uncommon trap: reason=unstable_if action=reinterpret pc=0x0000000002fd7d70 method=com.sun.org.apache.xerces.internal.dom.DeferredDocumentImpl.ensureCapacity(I)V @ 4
Event: 17.272 Thread 0x00000000023af000 Uncommon trap: reason=class_check action=maybe_recompile pc=0x0000000002ffb0ec method=com.sun.org.apache.xerces.internal.impl.XMLDocumentFragmentScannerImpl.scanStartElement()Z @ 436
Event: 17.920 Thread 0x00000000023af000 Uncommon trap: reason=unstable_if action=reinterpret pc=0x000000000306a49c method=com.sun.org.apache.xerces.internal.dom.ParentNode.nodeListItem(I)Lorg/w3c/dom/Node; @ 4
Event: 17.973 Thread 0x00000000023af000 Uncommon trap: reason=unstable_if action=reinterpret pc=0x00000000030ad6d4 method=android.databinding.tool.reflection.SdkUtil$ApiChecker.buildFullLookup()V @ 49

Classes redefined (0 events):
No events

Internal exceptions (10 events):
Event: 6.210 Thread 0x00000000023af000 Exception <a 'java/lang/NoSuchMethodError': <clinit>> (0x00000000d5ec7050) thrown at [C:\src\AOSP-openjdk-git\hotspot\src\share\vm\prims\jni.cpp, line 1615]
Event: 6.231 Thread 0x00000000023af000 Exception <a 'java/lang/NoSuchMethodError': <clinit>> (0x00000000d5f21ce8) thrown at [C:\src\AOSP-openjdk-git\hotspot\src\share\vm\prims\jni.cpp, line 1615]
Event: 6.269 Thread 0x00000000023af000 Exception <a 'java/lang/NoSuchMethodError': <clinit>> (0x00000000d5ffb7f0) thrown at [C:\src\AOSP-openjdk-git\hotspot\src\share\vm\prims\jni.cpp, line 1615]
Event: 11.275 Thread 0x00000000023af000 Implicit null exception at 0x0000000002fa0ea0 to 0x0000000002fa10c9
Event: 11.623 Thread 0x00000000023af000 Implicit null exception at 0x0000000002757914 to 0x0000000002757cad
Event: 12.699 Thread 0x00000000023af000 Exception <a 'java/lang/ClassNotFoundException': com/sun/org/glassfish/hk2/osgiresourcelocator/ServiceLoader> (0x00000000d65c1bd0) thrown at [C:\src\AOSP-openjdk-git\hotspot\src\share\vm\classfile\systemDictionary.cpp, line 210]
Event: 12.841 Thread 0x00000000023af000 Exception <a 'java/lang/NullPointerException'> (0x00000000d65c9c08) thrown at [C:\src\AOSP-openjdk-git\hotspot\src\share\vm\interpreter\linkResolver.cpp, line 1287]
Event: 15.183 Thread 0x00000000023af000 Implicit null exception at 0x00000000026b7996 to 0x00000000026b7d25
Event: 17.272 Thread 0x00000000023af000 Implicit null exception at 0x0000000002fd635d to 0x0000000002fd7d5c
Event: 17.920 Thread 0x00000000023af000 Implicit null exception at 0x000000000306a312 to 0x000000000306a485

Events (10 events):
Event: 17.983 Thread 0x00000000170e2000 flushing nmethod 0x0000000002eba910
Event: 17.983 Thread 0x00000000170e2000 flushing nmethod 0x0000000002ebac50
Event: 19.266 Thread 0x00000000170aa000 flushing nmethod 0x00000000025b5590
Event: 19.266 Thread 0x00000000170aa000 flushing nmethod 0x00000000025df250
Event: 19.266 Thread 0x00000000170aa000 flushing nmethod 0x0000000002624250
Event: 19.271 Thread 0x00000000170aa000 flushing nmethod 0x0000000002675290
Event: 19.271 Thread 0x00000000170aa000 flushing nmethod 0x000000000267c110
Event: 19.271 Thread 0x00000000170aa000 flushing nmethod 0x00000000026974d0
Event: 19.271 Thread 0x00000000170aa000 flushing nmethod 0x000000000269cf50
Event: 19.273 Thread 0x00000000170aa000 flushing nmethod 0x00000000026eebd0


Dynamic libraries:
0x00007ff7a4750000 - 0x00007ff7a4781000 	C:\Program Files\Android\Android Studio\jre\jre\bin\java.exe
0x00007ffd7f380000 - 0x00007ffd7f570000 	C:\WINDOWS\SYSTEM32\ntdll.dll
0x00007ffd5bd20000 - 0x00007ffd5bd33000 	C:\Program Files (x86)\AVG\Antivirus\aswhook.dll
0x00007ffd7dd20000 - 0x00007ffd7ddd2000 	C:\WINDOWS\System32\KERNEL32.DLL
0x00007ffd7c510000 - 0x00007ffd7c7b4000 	C:\WINDOWS\System32\KERNELBASE.dll
0x00007ffd7e610000 - 0x00007ffd7e6b3000 	C:\WINDOWS\System32\ADVAPI32.dll
0x00007ffd7e760000 - 0x00007ffd7e7fe000 	C:\WINDOWS\System32\msvcrt.dll
0x00007ffd7e6c0000 - 0x00007ffd7e757000 	C:\WINDOWS\System32\sechost.dll
0x00007ffd7e210000 - 0x00007ffd7e330000 	C:\WINDOWS\System32\RPCRT4.dll
0x00007ffd7db20000 - 0x00007ffd7dcb4000 	C:\WINDOWS\System32\USER32.dll
0x00007ffd7cc30000 - 0x00007ffd7cc51000 	C:\WINDOWS\System32\win32u.dll
0x00007ffd7f2a0000 - 0x00007ffd7f2c6000 	C:\WINDOWS\System32\GDI32.dll
0x00007ffd7ca90000 - 0x00007ffd7cc25000 	C:\WINDOWS\System32\gdi32full.dll
0x00007ffd7c470000 - 0x00007ffd7c50e000 	C:\WINDOWS\System32\msvcp_win.dll
0x00007ffd7c7c0000 - 0x00007ffd7c8ba000 	C:\WINDOWS\System32\ucrtbase.dll
0x00007ffd74e00000 - 0x00007ffd75084000 	C:\WINDOWS\WinSxS\amd64_microsoft.windows.common-controls_6595b64144ccf1df_6.0.18362.900_none_e6beb9d913147d17\COMCTL32.dll
0x00007ffd7ee80000 - 0x00007ffd7f1b5000 	C:\WINDOWS\System32\combase.dll
0x00007ffd7c310000 - 0x00007ffd7c390000 	C:\WINDOWS\System32\bcryptPrimitives.dll
0x00007ffd7ee30000 - 0x00007ffd7ee5e000 	C:\WINDOWS\System32\IMM32.DLL
0x000000006e3a0000 - 0x000000006e472000 	C:\Program Files\Android\Android Studio\jre\jre\bin\msvcr100.dll
0x000000006ee10000 - 0x000000006f65b000 	C:\Program Files\Android\Android Studio\jre\jre\bin\server\jvm.dll
0x00007ffd7e1a0000 - 0x00007ffd7e1a8000 	C:\WINDOWS\System32\PSAPI.DLL
0x00007ffd6c2d0000 - 0x00007ffd6c2d9000 	C:\WINDOWS\SYSTEM32\WSOCK32.dll
0x00007ffd7f2d0000 - 0x00007ffd7f33f000 	C:\WINDOWS\System32\WS2_32.dll
0x00007ffd7a0d0000 - 0x00007ffd7a0f4000 	C:\WINDOWS\SYSTEM32\WINMM.dll
0x00007ffd740c0000 - 0x00007ffd740ca000 	C:\WINDOWS\SYSTEM32\VERSION.dll
0x00007ffd79d00000 - 0x00007ffd79d2d000 	C:\WINDOWS\SYSTEM32\WINMMBASE.dll
0x00007ffd7d3e0000 - 0x00007ffd7d42a000 	C:\WINDOWS\System32\cfgmgr32.dll
0x00007ffd7a160000 - 0x00007ffd7a16f000 	C:\Program Files\Android\Android Studio\jre\jre\bin\verify.dll
0x00007ffd731e0000 - 0x00007ffd73209000 	C:\Program Files\Android\Android Studio\jre\jre\bin\java.dll
0x00007ffd7a100000 - 0x00007ffd7a116000 	C:\Program Files\Android\Android Studio\jre\jre\bin\zip.dll
0x00007ffd7d430000 - 0x00007ffd7db16000 	C:\WINDOWS\System32\SHELL32.dll
0x00007ffd7e330000 - 0x00007ffd7e3d9000 	C:\WINDOWS\System32\shcore.dll
0x00007ffd7cc60000 - 0x00007ffd7d3e0000 	C:\WINDOWS\System32\windows.storage.dll
0x00007ffd7c290000 - 0x00007ffd7c2b3000 	C:\WINDOWS\System32\profapi.dll
0x00007ffd7c2c0000 - 0x00007ffd7c30a000 	C:\WINDOWS\System32\powrprof.dll
0x00007ffd7c240000 - 0x00007ffd7c250000 	C:\WINDOWS\System32\UMPDC.dll
0x00007ffd7e1b0000 - 0x00007ffd7e202000 	C:\WINDOWS\System32\shlwapi.dll
0x00007ffd7c250000 - 0x00007ffd7c261000 	C:\WINDOWS\System32\kernel.appcore.dll
0x00007ffd7ca70000 - 0x00007ffd7ca87000 	C:\WINDOWS\System32\cryptsp.dll
0x00007ffd73320000 - 0x00007ffd7333a000 	C:\Program Files\Android\Android Studio\jre\jre\bin\net.dll
0x00007ffd7bab0000 - 0x00007ffd7bb17000 	C:\WINDOWS\system32\mswsock.dll
0x00007ffd731c0000 - 0x00007ffd731d3000 	C:\Program Files\Android\Android Studio\jre\jre\bin\nio.dll

VM Arguments:
java_command: org.jetbrains.kotlin.cli.jvm.K2JVMCompiler -Xallow-no-source-files -classpath C:\Users\Alex\AndroidStudioProjects\FlowerShop\app\build\intermediates\compile_and_runtime_not_namespaced_r_class_jar\debug\R.jar;C:\Users\Alex\.gradle\caches\transforms-2\files-2.1\7eaecc3adb216eec3a7260eaf7ab8952\databinding-adapters-3.6.3-api.jar;C:\Users\Alex\.gradle\caches\transforms-2\files-2.1\37ba74ac4830b1f2a4d23420b5e79b0c\databinding-runtime-3.6.3-api.jar;C:\Users\Alex\.gradle\caches\modules-2\files-2.1\androidx.databinding\databinding-common\3.6.3\555fa9bb14c6214e7ebbce7a0a2016d3c9a365f1\databinding-common-3.6.3.jar;C:\Users\Alex\.gradle\caches\transforms-2\files-2.1\b2113768381247187d4e8c36b0a77179\multidex-2.0.0-api.jar;C:\Users\Alex\.gradle\caches\transforms-2\files-2.1\b6e5b96f9f810ce3aa12587447b6e403\jetified-viewbinding-3.6.3-api.jar;C:\Users\Alex\.gradle\caches\transforms-2\files-2.1\bdfcded3cb02b7e7f6aaee5547c31788\navigation-ui-ktx-2.3.0-beta01-api.jar;C:\Users\Alex\.gradle\caches\transforms-2\files-2.1\ecb6644219c99be4083ee6246544f2c1\navigation-ui-2.3.0-beta01-api.jar;C:\Users\Alex\.gradle\caches\transforms-2\files-2.1\74f7ecd3f8ed9591bdfff4fce74c1f01\material-1.0.0-api.jar;C:\Users\Alex\.gradle\caches\transforms-2\files-2.1\692b8ad8845bbbe4850b004178981fd1\appcompat-1.1.0-api.jar;C:\Users\Alex\.gradle\caches\transforms-2\files-2.1\3373f3adb637089503410b7a01721ff0\navigation-fragment-ktx-2.3.0-beta01-api.jar;C:\Users\Alex\.gradle\caches\transforms-2\files-2.1\f6f5dd11b326b9cdee5fc3a9d64ce82e\jetified-fragment-ktx-1.2.4-api.jar;C:\Users\Alex\.gradle\caches\transforms-2\files-2.1\f339342b6ad1aa4158200b284b950ceb\navigation-runtime-ktx-2.3.0-beta01-api.jar;C:\Users\Alex\.gradle\caches\transforms-2\files-2.1\d8e7b1694b690260b13352679abef925\jetified-activity-ktx-1.1.0-api.jar;C:\Users\Alex\.gradle\caches\transforms-2\files-2.1\0092b0897fc3dd3f7d1ce74df554dae8\jetified-core-ktx-1.3.0-api.jar;C:\Users\Alex\.gradle\caches\transforms-2\files-2.1\efef7bc4eb8b1
java_class_path (initial): C:\Users\Alex\.gradle\caches\modules-2\files-2.1\org.jetbrains.kotlin\kotlin-compiler-embeddable\1.3.61\c35c0833d5a1e3d229359758482c480306724618\kotlin-compiler-embeddable-1.3.61.jar;C:\Users\Alex\.gradle\caches\modules-2\files-2.1\org.jetbrains.kotlin\kotlin-reflect\1.3.61\2e07c9a84c9e118efb70eede7e579fd663932122\kotlin-reflect-1.3.61.jar;C:\Users\Alex\.gradle\caches\modules-2\files-2.1\org.jetbrains.kotlin\kotlin-stdlib\1.3.61\4702105e97f7396ae41b113fdbdc180ec1eb1e36\kotlin-stdlib-1.3.61.jar;C:\Users\Alex\.gradle\caches\modules-2\files-2.1\org.jetbrains.kotlin\kotlin-script-runtime\1.3.61\e5feb39c8de63dcbdc1154b34ca4413874231605\kotlin-script-runtime-1.3.61.jar;C:\Users\Alex\.gradle\caches\modules-2\files-2.1\org.jetbrains.kotlin\kotlin-daemon-embeddable\1.3.61\4de83e41a92c8395d89ab2e81d26b788ba163824\kotlin-daemon-embeddable-1.3.61.jar;C:\Users\Alex\.gradle\caches\modules-2\files-2.1\org.jetbrains.intellij.deps\trove4j\1.0.20181211\216c2e14b070f334479d800987affe4054cd563f\trove4j-1.0.20181211.jar;C:\Users\Alex\.gradle\caches\modules-2\files-2.1\org.jetbrains.kotlin\kotlin-stdlib-common\1.3.61\65abb71d5afb850b68be03987b08e2c864ca3110\kotlin-stdlib-common-1.3.61.jar;C:\Users\Alex\.gradle\caches\modules-2\files-2.1\org.jetbrains\annotations\13.0\919f0dfe192fb4e063e7dacadee7f8bb9a2672a9\annotations-13.0.jar;C:\Program Files\Android\Android Studio\jre\lib\tools.jar
Launcher Type: SUN_STANDARD

Environment Variables:
JAVA_HOME=C:\Program Files\Java\jdk1.8.0_51\
CLASSPATH=.;C:\Program Files (x86)\Java\jre6\lib\ext\QTJava.zip
PATH=C:\ProgramData\Oracle\Java\javapath;C:\oraclexe\app\oracle\product\11.2.0\server\bin;C:\Program Files\Common Files\Microsoft Shared\Windows Live;C:\Program Files (x86)\Common Files\Microsoft Shared\Windows Live;C:\Program Files (x86)\NVIDIA Corporation\PhysX\Common;C:\WINDOWS\system32;C:\WINDOWS;C:\WINDOWS\System32\Wbem;C:\WINDOWS\System32\WindowsPowerShell\v1.0\;C:\Program Files (x86)\Sony\VAIO Startup Setting Tool;C:\Program Files (x86)\Windows Live\Shared;C:\Program Files (x86)\QuickTime\QTSystem\;C:\Program Files (x86)\Android\android-sdk\tools;C:\Program Files (x86)\Calibre2\;C:\Program Files\Microsoft\Web Platform Installer\;C:\Users\Alex\.dnx\bin;C:\Program Files\Microsoft DNX\Dnvm\;C:\Program Files (x86)\GtkSharp\2.12\bin;C:\Program Files (x86)\Skype\Phone\;C:\WINDOWS\System32\OpenSSH\;C:\WINDOWS\system32;C:\WINDOWS;C:\WINDOWS\System32\Wbem;C:\WINDOWS\System32\WindowsPowerShell\v1.0\;C:\WINDOWS\System32\OpenSSH\;C:\Program Files\Git\cmd;C:\Program Files\Java\jdk1.8.0_51\\bin;C:\Users\Alex\AppData\Local\Microsoft\WindowsApps;
USERNAME=Alex
OS=Windows_NT
PROCESSOR_IDENTIFIER=Intel64 Family 6 Model 42 Stepping 7, GenuineIntel



---------------  S Y S T E M  ---------------

OS: Windows 10.0 , 64 bit Build 18362 (10.0.18362.900)

CPU:total 4 (initial active 4) (2 cores per cpu, 2 threads per core) family 6 model 42 stepping 7, cmov, cx8, fxsr, mmx, sse, sse2, sse3, ssse3, sse4.1, sse4.2, popcnt, avx, aes, clmul, ht, tsc, tscinvbit

Memory: 4k page, physical 8370028k(423148k free), swap 9906028k(5252k free)

vm_info: OpenJDK 64-Bit Server VM (25.242-b01) for windows-amd64 JRE (1.8.0_242-release-1644-b01), built by "builder" with MS VC++ 10.0 (VS2010)

time: Mon Jun 15 13:48:55 2020
timezone: GMT Daylight Time
elapsed time: 19 seconds (0d 0h 0m 19s)

