#
# There is insufficient memory for the Java Runtime Environment to continue.
# Native memory allocation (malloc) failed to allocate 549056 bytes for Chunk::new
# Possible reasons:
#   The system is out of physical RAM or swap space
#   The process is running with CompressedOops enabled, and the Java Heap may be blocking the growth of the native heap
# Possible solutions:
#   Reduce memory load on the system
#   Increase physical memory or swap space
#   Check if swap backing store is full
#   Decrease Java heap size (-Xmx/-Xms)
#   Decrease number of Java threads
#   Decrease Java thread stack sizes (-Xss)
#   Set larger code cache with -XX:ReservedCodeCacheSize=
#   JVM is running with Unscaled Compressed Oops mode in which the Java heap is
#     placed in the first 4GB address space. The Java Heap base address is the
#     maximum limit for the native heap growth. Please use -XX:HeapBaseMinAddress
#     to set the Java Heap base and to place the Java Heap above 4GB virtual address.
# This output file may be truncated or incomplete.
#
#  Out of Memory Error (allocation.cpp:389), pid=5368, tid=0x00000000000032f0
#
# JRE version: OpenJDK Runtime Environment (8.0_212-b04) (build 1.8.0_212-release-1586-b04)
# Java VM: OpenJDK 64-Bit Server VM (25.212-b04 mixed mode windows-amd64 compressed oops)
# Failed to write core dump. Minidumps are not enabled by default on client versions of Windows
#

---------------  T H R E A D  ---------------

Current thread (0x000000001635f000):  JavaThread "C2 CompilerThread1" daemon [_thread_in_native, id=13040, stack(0x0000000017aa0000,0x0000000017ba0000)]

Stack: [0x0000000017aa0000,0x0000000017ba0000]
[error occurred during error reporting (printing stack bounds), id 0xc0000005]

Native frames: (J=compiled Java code, j=interpreted, Vv=VM code, C=native code)


Current CompileTask:
C2:  18414 4453 %     4       org.jetbrains.kotlin.cli.jvm.index.JvmDependenciesIndexImpl::search @ 186 (393 bytes)


---------------  P R O C E S S  ---------------

Java Threads: ( => current thread )
  0x00000000163ac000 JavaThread "Service Thread" daemon [_thread_blocked, id=14744, stack(0x00000000180a0000,0x00000000181a0000)]
  0x00000000163a8000 JavaThread "C1 CompilerThread2" daemon [_thread_blocked, id=11268, stack(0x0000000017fa0000,0x00000000180a0000)]
=>0x000000001635f000 JavaThread "C2 CompilerThread1" daemon [_thread_in_native, id=13040, stack(0x0000000017aa0000,0x0000000017ba0000)]
  0x0000000016366800 JavaThread "C2 CompilerThread0" daemon [_thread_in_native, id=6664, stack(0x00000000179a0000,0x0000000017aa0000)]
  0x0000000016365000 JavaThread "Attach Listener" daemon [_thread_blocked, id=7468, stack(0x00000000178a0000,0x00000000179a0000)]
  0x0000000016364000 JavaThread "Signal Dispatcher" daemon [_thread_blocked, id=9204, stack(0x00000000177a0000,0x00000000178a0000)]
  0x0000000002a0e000 JavaThread "Finalizer" daemon [_thread_blocked, id=5008, stack(0x00000000175a0000,0x00000000176a0000)]
  0x0000000016339000 JavaThread "Reference Handler" daemon [_thread_blocked, id=15644, stack(0x00000000174a0000,0x00000000175a0000)]
  0x000000000291f000 JavaThread "main" [_thread_in_native, id=4772, stack(0x0000000002810000,0x0000000002910000)]

Other Threads:
  0x0000000016317000 VMThread [stack: 0x00000000173a0000,0x00000000174a0000] [id=15956]
  0x00000000163ad000 WatcherThread [stack: 0x00000000181a0000,0x00000000182a0000] [id=7436]

VM state:not at safepoint (normal execution)

VM Mutex/Monitor currently owned by a thread: None

heap address: 0x00000000a0400000, size: 1532 MB, Compressed Oops mode: 32-bit
Narrow klass base: 0x0000000000000000, Narrow klass shift: 3
Compressed class space size: 1073741824 Address: 0x0000000100000000

Heap:
 PSYoungGen      total 86016K, used 34027K [0x00000000e0180000, 0x00000000e6900000, 0x0000000100000000)
  eden space 69632K, 27% used [0x00000000e0180000,0x00000000e141d3e0,0x00000000e4580000)
  from space 16384K, 91% used [0x00000000e4580000,0x00000000e541d840,0x00000000e5580000)
  to   space 12288K, 0% used [0x00000000e5580000,0x00000000e5580000,0x00000000e6180000)
 ParOldGen       total 90112K, used 23407K [0x00000000a0400000, 0x00000000a5c00000, 0x00000000e0180000)
  object space 90112K, 25% used [0x00000000a0400000,0x00000000a1adbf88,0x00000000a5c00000)
 Metaspace       used 44123K, capacity 44854K, committed 45232K, reserved 1089536K
  class space    used 5562K, capacity 5759K, committed 5808K, reserved 1048576K

Card table byte_map: [0x0000000011dd0000,0x00000000120d0000] byte_map_base: 0x00000000118ce000

Marking Bits: (ParMarkBitMap*) 0x000000006ab59f30
 Begin Bits: [0x00000000126d0000, 0x0000000013ec0000)
 End Bits:   [0x0000000013ec0000, 0x00000000156b0000)

Polling page: 0x0000000000d50000

CodeCache: size=245760Kb used=13033Kb max_used=13033Kb free=232726Kb
 bounds [0x0000000002a10000, 0x00000000036e0000, 0x0000000011a10000]
 total_blobs=4473 nmethods=4015 adapters=369
 compilation: enabled

Compilation events (10 events):
Event: 18.327 Thread 0x00000000163a8000 nmethod 4470 0x00000000036d08d0 code [0x00000000036d0be0, 0x00000000036d1e58]
Event: 18.327 Thread 0x00000000163a8000 4471       3       org.jetbrains.kotlin.types.SimpleType::<init> (6 bytes)
Event: 18.328 Thread 0x00000000163a8000 nmethod 4471 0x00000000036d2710 code [0x00000000036d2880, 0x00000000036d2bb0]
Event: 18.328 Thread 0x00000000163a8000 4472       3       org.jetbrains.kotlin.types.DelegatingSimpleType::getConstructor (8 bytes)
Event: 18.328 Thread 0x00000000163a8000 nmethod 4472 0x00000000036d2d90 code [0x00000000036d2f00, 0x00000000036d31d8]
Event: 18.329 Thread 0x00000000163a8000 4473       1       org.jetbrains.kotlin.descriptors.impl.FunctionDescriptorImpl::isHiddenForResolutionEverywhereBesideSupercalls (5 bytes)
Event: 18.329 Thread 0x00000000163a8000 nmethod 4473 0x00000000036d32d0 code [0x00000000036d3420, 0x00000000036d3530]
Event: 18.340 Thread 0x00000000163a8000 4474       3       org.jetbrains.kotlin.descriptors.impl.FunctionDescriptorImpl::getKind (14 bytes)
Event: 18.340 Thread 0x00000000163a8000 nmethod 4474 0x00000000036d3590 code [0x00000000036d3700, 0x00000000036d38c8]
Event: 18.342 Thread 0x00000000163a8000 4475       3       org.jetbrains.kotlin.builtins.jvm.JavaToKotlinClassMap::mapJavaToKotlin (62 bytes)

GC Heap History (10 events):
Event: 3.571 GC heap before
{Heap before GC invocations=5 (full 1):
 PSYoungGen      total 53248K, used 4095K [0x00000000e0180000, 0x00000000e3980000, 0x0000000100000000)
  eden space 49152K, 0% used [0x00000000e0180000,0x00000000e0180000,0x00000000e3180000)
  from space 4096K, 99% used [0x00000000e3580000,0x00000000e397ffe0,0x00000000e3980000)
  to   space 4096K, 0% used [0x00000000e3180000,0x00000000e3180000,0x00000000e3580000)
 ParOldGen       total 65536K, used 13391K [0x00000000a0400000, 0x00000000a4400000, 0x00000000e0180000)
  object space 65536K, 20% used [0x00000000a0400000,0x00000000a1113f48,0x00000000a4400000)
 Metaspace       used 20780K, capacity 21213K, committed 21296K, reserved 1069056K
  class space    used 2464K, capacity 2589K, committed 2608K, reserved 1048576K
Event: 3.621 GC heap after
Heap after GC invocations=5 (full 1):
 PSYoungGen      total 53248K, used 0K [0x00000000e0180000, 0x00000000e3980000, 0x0000000100000000)
  eden space 49152K, 0% used [0x00000000e0180000,0x00000000e0180000,0x00000000e3180000)
  from space 4096K, 0% used [0x00000000e3580000,0x00000000e3580000,0x00000000e3980000)
  to   space 4096K, 0% used [0x00000000e3180000,0x00000000e3180000,0x00000000e3580000)
 ParOldGen       total 54784K, used 12214K [0x00000000a0400000, 0x00000000a3980000, 0x00000000e0180000)
  object space 54784K, 22% used [0x00000000a0400000,0x00000000a0feda40,0x00000000a3980000)
 Metaspace       used 20780K, capacity 21213K, committed 21296K, reserved 1069056K
  class space    used 2464K, capacity 2589K, committed 2608K, reserved 1048576K
}
Event: 6.720 GC heap before
{Heap before GC invocations=6 (full 1):
 PSYoungGen      total 53248K, used 49152K [0x00000000e0180000, 0x00000000e3980000, 0x0000000100000000)
  eden space 49152K, 100% used [0x00000000e0180000,0x00000000e3180000,0x00000000e3180000)
  from space 4096K, 0% used [0x00000000e3580000,0x00000000e3580000,0x00000000e3980000)
  to   space 4096K, 0% used [0x00000000e3180000,0x00000000e3180000,0x00000000e3580000)
 ParOldGen       total 54784K, used 12214K [0x00000000a0400000, 0x00000000a3980000, 0x00000000e0180000)
  object space 54784K, 22% used [0x00000000a0400000,0x00000000a0feda40,0x00000000a3980000)
 Metaspace       used 26480K, capacity 26998K, committed 27184K, reserved 1073152K
  class space    used 3150K, capacity 3310K, committed 3376K, reserved 1048576K
Event: 6.737 GC heap after
Heap after GC invocations=6 (full 1):
 PSYoungGen      total 53248K, used 4094K [0x00000000e0180000, 0x00000000e6180000, 0x0000000100000000)
  eden space 49152K, 0% used [0x00000000e0180000,0x00000000e0180000,0x00000000e3180000)
  from space 4096K, 99% used [0x00000000e3180000,0x00000000e357fb18,0x00000000e3580000)
  to   space 12288K, 0% used [0x00000000e5580000,0x00000000e5580000,0x00000000e6180000)
 ParOldGen       total 54784K, used 19169K [0x00000000a0400000, 0x00000000a3980000, 0x00000000e0180000)
  object space 54784K, 34% used [0x00000000a0400000,0x00000000a16b8548,0x00000000a3980000)
 Metaspace       used 26480K, capacity 26998K, committed 27184K, reserved 1073152K
  class space    used 3150K, capacity 3310K, committed 3376K, reserved 1048576K
}
Event: 8.939 GC heap before
{Heap before GC invocations=7 (full 1):
 PSYoungGen      total 53248K, used 49719K [0x00000000e0180000, 0x00000000e6180000, 0x0000000100000000)
  eden space 49152K, 92% used [0x00000000e0180000,0x00000000e2e0e280,0x00000000e3180000)
  from space 4096K, 99% used [0x00000000e3180000,0x00000000e357fb18,0x00000000e3580000)
  to   space 12288K, 0% used [0x00000000e5580000,0x00000000e5580000,0x00000000e6180000)
 ParOldGen       total 54784K, used 19169K [0x00000000a0400000, 0x00000000a3980000, 0x00000000e0180000)
  object space 54784K, 34% used [0x00000000a0400000,0x00000000a16b8548,0x00000000a3980000)
 Metaspace       used 34628K, capacity 35174K, committed 35496K, reserved 1081344K
  class space    used 4388K, capacity 4545K, committed 4656K, reserved 1048576K
Event: 8.967 GC heap after
Heap after GC invocations=7 (full 1):
 PSYoungGen      total 81920K, used 12263K [0x00000000e0180000, 0x00000000e6900000, 0x0000000100000000)
  eden space 69632K, 0% used [0x00000000e0180000,0x00000000e0180000,0x00000000e4580000)
  from space 12288K, 99% used [0x00000000e5580000,0x00000000e6179c60,0x00000000e6180000)
  to   space 16384K, 0% used [0x00000000e4580000,0x00000000e4580000,0x00000000e5580000)
 ParOldGen       total 54784K, used 23266K [0x00000000a0400000, 0x00000000a3980000, 0x00000000e0180000)
  object space 54784K, 42% used [0x00000000a0400000,0x00000000a1ab8bd0,0x00000000a3980000)
 Metaspace       used 34628K, capacity 35174K, committed 35496K, reserved 1081344K
  class space    used 4388K, capacity 4545K, committed 4656K, reserved 1048576K
}
Event: 8.967 GC heap before
{Heap before GC invocations=8 (full 2):
 PSYoungGen      total 81920K, used 12263K [0x00000000e0180000, 0x00000000e6900000, 0x0000000100000000)
  eden space 69632K, 0% used [0x00000000e0180000,0x00000000e0180000,0x00000000e4580000)
  from space 12288K, 99% used [0x00000000e5580000,0x00000000e6179c60,0x00000000e6180000)
  to   space 16384K, 0% used [0x00000000e4580000,0x00000000e4580000,0x00000000e5580000)
 ParOldGen       total 54784K, used 23266K [0x00000000a0400000, 0x00000000a3980000, 0x00000000e0180000)
  object space 54784K, 42% used [0x00000000a0400000,0x00000000a1ab8bd0,0x00000000a3980000)
 Metaspace       used 34628K, capacity 35174K, committed 35496K, reserved 1081344K
  class space    used 4388K, capacity 4545K, committed 4656K, reserved 1048576K
Event: 9.128 GC heap after
Heap after GC invocations=8 (full 2):
 PSYoungGen      total 81920K, used 0K [0x00000000e0180000, 0x00000000e6900000, 0x0000000100000000)
  eden space 69632K, 0% used [0x00000000e0180000,0x00000000e0180000,0x00000000e4580000)
  from space 12288K, 0% used [0x00000000e5580000,0x00000000e5580000,0x00000000e6180000)
  to   space 16384K, 0% used [0x00000000e4580000,0x00000000e4580000,0x00000000e5580000)
 ParOldGen       total 90112K, used 23399K [0x00000000a0400000, 0x00000000a5c00000, 0x00000000e0180000)
  object space 90112K, 25% used [0x00000000a0400000,0x00000000a1ad9f88,0x00000000a5c00000)
 Metaspace       used 34628K, capacity 35174K, committed 35496K, reserved 1081344K
  class space    used 4388K, capacity 4545K, committed 4656K, reserved 1048576K
}
Event: 16.983 GC heap before
{Heap before GC invocations=9 (full 2):
 PSYoungGen      total 81920K, used 69632K [0x00000000e0180000, 0x00000000e6900000, 0x0000000100000000)
  eden space 69632K, 100% used [0x00000000e0180000,0x00000000e4580000,0x00000000e4580000)
  from space 12288K, 0% used [0x00000000e5580000,0x00000000e5580000,0x00000000e6180000)
  to   space 16384K, 0% used [0x00000000e4580000,0x00000000e4580000,0x00000000e5580000)
 ParOldGen       total 90112K, used 23399K [0x00000000a0400000, 0x00000000a5c00000, 0x00000000e0180000)
  object space 90112K, 25% used [0x00000000a0400000,0x00000000a1ad9f88,0x00000000a5c00000)
 Metaspace       used 42194K, capacity 42866K, committed 43312K, reserved 1087488K
  class space    used 5378K, capacity 5577K, committed 5680K, reserved 1048576K
Event: 17.017 GC heap after
Heap after GC invocations=9 (full 2):
 PSYoungGen      total 86016K, used 14966K [0x00000000e0180000, 0x00000000e6900000, 0x0000000100000000)
  eden space 69632K, 0% used [0x00000000e0180000,0x00000000e0180000,0x00000000e4580000)
  from space 16384K, 91% used [0x00000000e4580000,0x00000000e541d840,0x00000000e5580000)
  to   space 12288K, 0% used [0x00000000e5580000,0x00000000e5580000,0x00000000e6180000)
 ParOldGen       total 90112K, used 23407K [0x00000000a0400000, 0x00000000a5c00000, 0x00000000e0180000)
  object space 90112K, 25% used [0x00000000a0400000,0x00000000a1adbf88,0x00000000a5c00000)
 Metaspace       used 42194K, capacity 42866K, committed 43312K, reserved 1087488K
  class space    used 5378K, capacity 5577K, committed 5680K, reserved 1048576K
}

Deoptimization events (10 events):
Event: 17.542 Thread 0x000000000291f000 Uncommon trap: reason=null_check action=make_not_entrant pc=0x0000000002fc2eb8 method=org.jetbrains.kotlin.utils.WrappedValues.unescapeThrowable(Ljava/lang/Object;)Ljava/lang/Object; @ 1
Event: 17.551 Thread 0x000000000291f000 Uncommon trap: reason=class_check action=maybe_recompile pc=0x0000000002efdf80 method=kotlin.collections.ReversedList.getSize()I @ 4
Event: 17.584 Thread 0x000000000291f000 Uncommon trap: reason=class_check action=maybe_recompile pc=0x0000000002efdf80 method=kotlin.collections.ReversedList.getSize()I @ 4
Event: 17.655 Thread 0x000000000291f000 Uncommon trap: reason=class_check action=maybe_recompile pc=0x0000000003673090 method=org.jetbrains.org.objectweb.asm.ClassReader.readElementValue(Lorg/jetbrains/org/objectweb/asm/AnnotationVisitor;ILjava/lang/String;[C)I @ 514
Event: 17.656 Thread 0x000000000291f000 Uncommon trap: reason=class_check action=maybe_recompile pc=0x0000000003673090 method=org.jetbrains.org.objectweb.asm.ClassReader.readElementValue(Lorg/jetbrains/org/objectweb/asm/AnnotationVisitor;ILjava/lang/String;[C)I @ 514
Event: 17.656 Thread 0x000000000291f000 Uncommon trap: reason=class_check action=maybe_recompile pc=0x0000000003673090 method=org.jetbrains.org.objectweb.asm.ClassReader.readElementValue(Lorg/jetbrains/org/objectweb/asm/AnnotationVisitor;ILjava/lang/String;[C)I @ 514
Event: 17.656 Thread 0x000000000291f000 Uncommon trap: reason=class_check action=maybe_recompile pc=0x0000000003673090 method=org.jetbrains.org.objectweb.asm.ClassReader.readElementValue(Lorg/jetbrains/org/objectweb/asm/AnnotationVisitor;ILjava/lang/String;[C)I @ 514
Event: 17.721 Thread 0x000000000291f000 Uncommon trap: reason=unstable_if action=reinterpret pc=0x0000000002b53430 method=org.jetbrains.kotlin.name.Name.hashCode()I @ 16
Event: 17.765 Thread 0x000000000291f000 Uncommon trap: reason=class_check action=maybe_recompile pc=0x0000000002efdcc0 method=kotlin.collections.ReversedList.getSize()I @ 4
Event: 18.047 Thread 0x000000000291f000 Uncommon trap: reason=unstable_if action=reinterpret pc=0x0000000003204b2c method=org.jetbrains.org.objectweb.asm.ClassReader.<init>([BIZ)V @ 23

Classes redefined (0 events):
No events

Internal exceptions (10 events):
Event: 11.801 Thread 0x000000000291f000 Exception <a 'java/lang/NoSuchMethodError': java.lang.Object.lambda$static$0(I)[Lorg/jetbrains/kotlin/com/intellij/psi/PsiClass;> (0x00000000e2d00a00) thrown at [D:\src\AOSP-openjdk-cygwin\jdk8u\hotspot\src\share\vm\interpreter\linkResolver.cpp, line 620]
Event: 11.822 Thread 0x000000000291f000 Implicit null exception at 0x0000000003218b90 to 0x0000000003218c59
Event: 11.849 Thread 0x000000000291f000 Implicit null exception at 0x0000000003315257 to 0x0000000003319cf1
Event: 11.851 Thread 0x000000000291f000 Exception <a 'java/lang/NoSuchMethodError': java.lang.Object.lambda$static$0(I)[Lorg/jetbrains/kotlin/com/intellij/psi/PsiReference;> (0x00000000e2e80110) thrown at [D:\src\AOSP-openjdk-cygwin\jdk8u\hotspot\src\share\vm\interpreter\linkResolver.cpp, line 
Event: 11.891 Thread 0x000000000291f000 Exception <a 'java/lang/NoSuchMethodError': java.lang.Object.lambda$static$0(I)[Lorg/jetbrains/kotlin/com/intellij/psi/PsiTypeElement;> (0x00000000e2ed1eb0) thrown at [D:\src\AOSP-openjdk-cygwin\jdk8u\hotspot\src\share\vm\interpreter\linkResolver.cpp, lin
Event: 11.946 Thread 0x000000000291f000 Exception <a 'java/lang/NoSuchMethodError': java.lang.Object.lambda$static$0(I)[Lorg/jetbrains/kotlin/com/intellij/psi/PsiTypeParameter;> (0x00000000e2fd2288) thrown at [D:\src\AOSP-openjdk-cygwin\jdk8u\hotspot\src\share\vm\interpreter\linkResolver.cpp, l
Event: 15.873 Thread 0x000000000291f000 Exception <a 'java/lang/NoSuchMethodError': java.lang.Object.lambda$static$0(I)[Lorg/jetbrains/kotlin/psi/KtDeclaration;> (0x00000000e3b0ee18) thrown at [D:\src\AOSP-openjdk-cygwin\jdk8u\hotspot\src\share\vm\interpreter\linkResolver.cpp, line 620]
Event: 16.921 Thread 0x000000000291f000 Exception <a 'java/lang/NoSuchMethodError': java.lang.Object.lambda$static$0(I)[Lorg/jetbrains/kotlin/psi/KtTypeElement;> (0x00000000e4487dc8) thrown at [D:\src\AOSP-openjdk-cygwin\jdk8u\hotspot\src\share\vm\interpreter\linkResolver.cpp, line 620]
Event: 17.542 Thread 0x000000000291f000 Implicit null exception at 0x0000000002ea1c14 to 0x0000000002ea1f45
Event: 17.542 Thread 0x000000000291f000 Implicit null exception at 0x0000000002fc2e6f to 0x0000000002fc2ead

Events (10 events):
Event: 18.301 loading class org/jetbrains/org/objectweb/asm/commons/Method
Event: 18.301 loading class org/jetbrains/org/objectweb/asm/commons/Method done
Event: 18.302 loading class org/jetbrains/kotlin/resolve/jvm/jvmSignature/JvmMethodGenericSignature
Event: 18.302 loading class org/jetbrains/kotlin/resolve/jvm/jvmSignature/JvmMethodGenericSignature done
Event: 18.303 loading class org/jetbrains/kotlin/resolve/jvm/jvmSignature/JvmMethodSignature
Event: 18.303 loading class org/jetbrains/kotlin/resolve/jvm/jvmSignature/JvmMethodSignature done
Event: 18.303 loading class org/jetbrains/kotlin/resolve/jvm/jvmSignature/KotlinToJvmSignatureMapperKt
Event: 18.304 loading class org/jetbrains/kotlin/resolve/jvm/jvmSignature/KotlinToJvmSignatureMapperKt done
Event: 18.308 loading class org/jetbrains/kotlin/resolve/constants/IntegerLiteralTypeConstructor
Event: 18.308 loading class org/jetbrains/kotlin/resolve/constants/IntegerLiteralTypeConstructor done


Dynamic libraries:
0x00007ff6db810000 - 0x00007ff6db841000 	C:\Program Files\Android\Android Studio\jre\jre\bin\java.exe
0x00007ffe26660000 - 0x00007ffe26850000 	C:\WINDOWS\SYSTEM32\ntdll.dll
0x00007ffe1f180000 - 0x00007ffe1f193000 	C:\Program Files (x86)\AVG\Antivirus\aswhook.dll
0x00007ffe24f80000 - 0x00007ffe25032000 	C:\WINDOWS\System32\KERNEL32.DLL
0x00007ffe242d0000 - 0x00007ffe24574000 	C:\WINDOWS\System32\KERNELBASE.dll
0x00007ffe25750000 - 0x00007ffe257f3000 	C:\WINDOWS\System32\ADVAPI32.dll
0x00007ffe25040000 - 0x00007ffe250de000 	C:\WINDOWS\System32\msvcrt.dll
0x00007ffe25510000 - 0x00007ffe255a7000 	C:\WINDOWS\System32\sechost.dll
0x00007ffe25960000 - 0x00007ffe25a80000 	C:\WINDOWS\System32\RPCRT4.dll
0x00007ffe25310000 - 0x00007ffe254a4000 	C:\WINDOWS\System32\USER32.dll
0x00007ffe235f0000 - 0x00007ffe23611000 	C:\WINDOWS\System32\win32u.dll
0x00007ffe25f30000 - 0x00007ffe25f56000 	C:\WINDOWS\System32\GDI32.dll
0x00007ffe23820000 - 0x00007ffe239b4000 	C:\WINDOWS\System32\gdi32full.dll
0x00007ffe23a10000 - 0x00007ffe23aae000 	C:\WINDOWS\System32\msvcp_win.dll
0x00007ffe24580000 - 0x00007ffe2467a000 	C:\WINDOWS\System32\ucrtbase.dll
0x00007ffe11940000 - 0x00007ffe11bc4000 	C:\WINDOWS\WinSxS\amd64_microsoft.windows.common-controls_6595b64144ccf1df_6.0.18362.836_none_e6c4b943130f18ed\COMCTL32.dll
0x00007ffe25bc0000 - 0x00007ffe25ef6000 	C:\WINDOWS\System32\combase.dll
0x00007ffe24230000 - 0x00007ffe242b0000 	C:\WINDOWS\System32\bcryptPrimitives.dll
0x00007ffe24f50000 - 0x00007ffe24f7e000 	C:\WINDOWS\System32\IMM32.DLL
0x000000006a2b0000 - 0x000000006a382000 	C:\Program Files\Android\Android Studio\jre\jre\bin\msvcr100.dll
0x000000006a390000 - 0x000000006abd6000 	C:\Program Files\Android\Android Studio\jre\jre\bin\server\jvm.dll
0x00007ffe25f20000 - 0x00007ffe25f28000 	C:\WINDOWS\System32\PSAPI.DLL
0x00007ffe14d60000 - 0x00007ffe14d69000 	C:\WINDOWS\SYSTEM32\WSOCK32.dll
0x00007ffe26140000 - 0x00007ffe261af000 	C:\WINDOWS\System32\WS2_32.dll
0x00007ffe21040000 - 0x00007ffe21064000 	C:\WINDOWS\SYSTEM32\WINMM.dll
0x00007ffe1b390000 - 0x00007ffe1b39a000 	C:\WINDOWS\SYSTEM32\VERSION.dll
0x00007ffe21010000 - 0x00007ffe2103d000 	C:\WINDOWS\SYSTEM32\WINMMBASE.dll
0x00007ffe239c0000 - 0x00007ffe23a0a000 	C:\WINDOWS\System32\cfgmgr32.dll
0x00007ffe214e0000 - 0x00007ffe214ef000 	C:\Program Files\Android\Android Studio\jre\jre\bin\verify.dll
0x00007ffe149a0000 - 0x00007ffe149c9000 	C:\Program Files\Android\Android Studio\jre\jre\bin\java.dll
0x00007ffe151f0000 - 0x00007ffe15206000 	C:\Program Files\Android\Android Studio\jre\jre\bin\zip.dll
0x00007ffe247e0000 - 0x00007ffe24ec4000 	C:\WINDOWS\System32\SHELL32.dll
0x00007ffe256a0000 - 0x00007ffe25749000 	C:\WINDOWS\System32\shcore.dll
0x00007ffe23ab0000 - 0x00007ffe2422e000 	C:\WINDOWS\System32\windows.storage.dll
0x00007ffe23550000 - 0x00007ffe23573000 	C:\WINDOWS\System32\profapi.dll
0x00007ffe235a0000 - 0x00007ffe235ea000 	C:\WINDOWS\System32\powrprof.dll
0x00007ffe23520000 - 0x00007ffe23530000 	C:\WINDOWS\System32\UMPDC.dll
0x00007ffe260e0000 - 0x00007ffe26132000 	C:\WINDOWS\System32\shlwapi.dll
0x00007ffe23580000 - 0x00007ffe23591000 	C:\WINDOWS\System32\kernel.appcore.dll
0x00007ffe242b0000 - 0x00007ffe242c7000 	C:\WINDOWS\System32\cryptsp.dll
0x00007ffe131b0000 - 0x00007ffe131ca000 	C:\Program Files\Android\Android Studio\jre\jre\bin\net.dll
0x00007ffe19b40000 - 0x00007ffe19d16000 	C:\WINDOWS\SYSTEM32\urlmon.dll
0x00007ffe17230000 - 0x00007ffe174d6000 	C:\WINDOWS\SYSTEM32\iertutil.dll
0x00007ffe22f60000 - 0x00007ffe22f6c000 	C:\WINDOWS\SYSTEM32\CRYPTBASE.DLL
0x00007ffe22d90000 - 0x00007ffe22df7000 	C:\WINDOWS\system32\mswsock.dll
0x00007ffe12dc0000 - 0x00007ffe12dd3000 	C:\Program Files\Android\Android Studio\jre\jre\bin\nio.dll

VM Arguments:
java_command: org.jetbrains.kotlin.cli.jvm.K2JVMCompiler -Xallow-no-source-files -classpath C:\Users\Alex\AndroidStudioProjects\FlowerShop\app\build\intermediates\compile_and_runtime_not_namespaced_r_class_jar\debug\R.jar;C:\Users\Alex\.gradle\caches\transforms-2\files-2.1\a2733b4952a9f830cb4f14ee9805a78d\databinding-adapters-3.6.3-api.jar;C:\Users\Alex\.gradle\caches\transforms-2\files-2.1\bc126c808c75fb0da18ed958ed0b9c36\databinding-runtime-3.6.3-api.jar;C:\Users\Alex\.gradle\caches\modules-2\files-2.1\androidx.databinding\databinding-common\3.6.3\555fa9bb14c6214e7ebbce7a0a2016d3c9a365f1\databinding-common-3.6.3.jar;C:\Users\Alex\.gradle\caches\transforms-2\files-2.1\3e4fe75d10c4b8be57a31139bb5c7adc\jetified-viewbinding-3.6.3-api.jar;C:\Users\Alex\.gradle\caches\transforms-2\files-2.1\88335ea11c7ca53e7097f2bc12dfd90b\navigation-ui-ktx-2.3.0-alpha06-api.jar;C:\Users\Alex\.gradle\caches\transforms-2\files-2.1\07f3800fae9223b8cc210dae4260aeeb\navigation-ui-2.3.0-alpha06-api.jar;C:\Users\Alex\.gradle\caches\transforms-2\files-2.1\c485fff1c653fe7e892b3c2b5b1a19e8\material-1.0.0-api.jar;C:\Users\Alex\.gradle\caches\transforms-2\files-2.1\405325c06f455eaaac5c7ee963ddbccc\appcompat-1.1.0-api.jar;C:\Users\Alex\.gradle\caches\transforms-2\files-2.1\2aea6e2f0f16721497b322c653b4a911\navigation-fragment-ktx-2.3.0-alpha06-api.jar;C:\Users\Alex\.gradle\caches\transforms-2\files-2.1\fc2f79aecd87dcb26efb1207d5d723c2\jetified-fragment-ktx-1.2.4-api.jar;C:\Users\Alex\.gradle\caches\transforms-2\files-2.1\73d0495d17b2f179b2b41bc149183eac\navigation-runtime-ktx-2.3.0-alpha06-api.jar;C:\Users\Alex\.gradle\caches\transforms-2\files-2.1\c26657a40e4b47f60367cd982e0d5d3e\jetified-activity-ktx-1.1.0-api.jar;C:\Users\Alex\.gradle\caches\transforms-2\files-2.1\96238966cf52ae85b4238e5efd093172\jetified-core-ktx-1.2.0-api.jar;C:\Users\Alex\.gradle\caches\transforms-2\files-2.1\6d2b08fcbe944b506cefb955bfabdced\legacy-support-v4-1.0.0-api.jar;C:\Users\Alex\.gradle\caches\transforms-2\files-2.1\
java_class_path (initial): C:\Users\Alex\.gradle\caches\modules-2\files-2.1\org.jetbrains.kotlin\kotlin-compiler-embeddable\1.3.61\c35c0833d5a1e3d229359758482c480306724618\kotlin-compiler-embeddable-1.3.61.jar;C:\Users\Alex\.gradle\caches\modules-2\files-2.1\org.jetbrains.kotlin\kotlin-reflect\1.3.61\2e07c9a84c9e118efb70eede7e579fd663932122\kotlin-reflect-1.3.61.jar;C:\Users\Alex\.gradle\caches\modules-2\files-2.1\org.jetbrains.kotlin\kotlin-stdlib\1.3.61\4702105e97f7396ae41b113fdbdc180ec1eb1e36\kotlin-stdlib-1.3.61.jar;C:\Users\Alex\.gradle\caches\modules-2\files-2.1\org.jetbrains.kotlin\kotlin-script-runtime\1.3.61\e5feb39c8de63dcbdc1154b34ca4413874231605\kotlin-script-runtime-1.3.61.jar;C:\Users\Alex\.gradle\caches\modules-2\files-2.1\org.jetbrains.kotlin\kotlin-daemon-embeddable\1.3.61\4de83e41a92c8395d89ab2e81d26b788ba163824\kotlin-daemon-embeddable-1.3.61.jar;C:\Users\Alex\.gradle\caches\modules-2\files-2.1\org.jetbrains.intellij.deps\trove4j\1.0.20181211\216c2e14b070f334479d800987affe4054cd563f\trove4j-1.0.20181211.jar;C:\Users\Alex\.gradle\caches\modules-2\files-2.1\org.jetbrains.kotlin\kotlin-stdlib-common\1.3.61\65abb71d5afb850b68be03987b08e2c864ca3110\kotlin-stdlib-common-1.3.61.jar;C:\Users\Alex\.gradle\caches\modules-2\files-2.1\org.jetbrains\annotations\13.0\919f0dfe192fb4e063e7dacadee7f8bb9a2672a9\annotations-13.0.jar;C:\Program Files\Android\Android Studio\jre\lib\tools.jar
Launcher Type: SUN_STANDARD

Environment Variables:
JAVA_HOME=C:\Program Files\Java\jdk1.8.0_51\
CLASSPATH=.;C:\Program Files (x86)\Java\jre6\lib\ext\QTJava.zip
PATH=C:\ProgramData\Oracle\Java\javapath;C:\oraclexe\app\oracle\product\11.2.0\server\bin;C:\Program Files\Common Files\Microsoft Shared\Windows Live;C:\Program Files (x86)\Common Files\Microsoft Shared\Windows Live;C:\Program Files (x86)\NVIDIA Corporation\PhysX\Common;C:\WINDOWS\system32;C:\WINDOWS;C:\WINDOWS\System32\Wbem;C:\WINDOWS\System32\WindowsPowerShell\v1.0\;C:\Program Files (x86)\Sony\VAIO Startup Setting Tool;C:\Program Files (x86)\Windows Live\Shared;C:\Program Files (x86)\QuickTime\QTSystem\;C:\Program Files (x86)\Android\android-sdk\tools;C:\Program Files (x86)\Calibre2\;C:\Program Files\Microsoft\Web Platform Installer\;C:\Users\Alex\.dnx\bin;C:\Program Files\Microsoft DNX\Dnvm\;C:\Program Files (x86)\GtkSharp\2.12\bin;C:\Program Files (x86)\Skype\Phone\;C:\WINDOWS\System32\OpenSSH\;C:\WINDOWS\system32;C:\WINDOWS;C:\WINDOWS\System32\Wbem;C:\WINDOWS\System32\WindowsPowerShell\v1.0\;C:\WINDOWS\System32\OpenSSH\;C:\Program Files\Git\cmd;C:\Program Files\Java\jdk1.8.0_51\\bin;C:\Users\Alex\AppData\Local\Microsoft\WindowsApps;
USERNAME=Alex
OS=Windows_NT
PROCESSOR_IDENTIFIER=Intel64 Family 6 Model 42 Stepping 7, GenuineIntel



---------------  S Y S T E M  ---------------

OS: Windows 10.0 , 64 bit Build 18362 (10.0.18362.778)

CPU:total 4 (initial active 4) (2 cores per cpu, 2 threads per core) family 6 model 42 stepping 7, cmov, cx8, fxsr, mmx, sse, sse2, sse3, ssse3, sse4.1, sse4.2, popcnt, avx, aes, clmul, ht, tsc, tscinvbit

Memory: 4k page, physical 6272876k(538732k free), swap 6938476k(4700k free)

vm_info: OpenJDK 64-Bit Server VM (25.212-b04) for windows-amd64 JRE (1.8.0_212-release-1586-b04), built by "builder" with MS VC++ 10.0 (VS2010)

time: Thu Jun 04 16:02:22 2020
timezone: GMT Daylight Time
elapsed time: 18 seconds (0d 0h 0m 18s)

